#
# There is insufficient memory for the Java Runtime Environment to continue.
# Native memory allocation (malloc) failed to allocate 159383552 bytes for committing reserved memory.
# Possible reasons:
#   The system is out of physical RAM or swap space
#   In 32 bit mode, the process size limit was hit
# Possible solutions:
#   Reduce memory load on the system
#   Increase physical memory or swap space
#   Check if swap backing store is full
#   Use 64 bit Java on a 64 bit OS
#   Decrease Java heap size (-Xmx/-Xms)
#   Decrease number of Java threads
#   Decrease Java thread stack sizes (-Xss)
#   Set larger code cache with -XX:ReservedCodeCacheSize=
# This output file may be truncated or incomplete.
#
#  Out of Memory Error (os_linux.cpp:2745), pid=6411, tid=140657019561728
#
# JRE version: Java(TM) SE Runtime Environment (7.0_65-b17) (build 1.7.0_65-b17)
# Java VM: Java HotSpot(TM) 64-Bit Server VM (24.65-b04 mixed mode linux-amd64 compressed oops)
# Failed to write core dump. Core dumps have been disabled. To enable core dumping, try "ulimit -c unlimited" before starting Java again
#

---------------  T H R E A D  ---------------

Current thread (0x00007fed54074800):  VMThread [stack: 0x00007fed439fa000,0x00007fed43afb000] [id=6425]

Stack: [0x00007fed439fa000,0x00007fed43afb000],  sp=0x00007fed43af91c0,  free space=1020k
Native frames: (J=compiled Java code, j=interpreted, Vv=VM code, C=native code)
V  [libjvm.so+0x99eb8a]  VMError::report_and_die()+0x2ea
V  [libjvm.so+0x49721b]  report_vm_out_of_memory(char const*, int, unsigned long, char const*)+0x9b
V  [libjvm.so+0x81d9ae]  os::Linux::commit_memory_impl(char*, unsigned long, bool)+0xfe
V  [libjvm.so+0x81def9]  os::pd_commit_memory(char*, unsigned long, unsigned long, bool)+0x29
V  [libjvm.so+0x817caa]  os::commit_memory(char*, unsigned long, unsigned long, bool)+0x2a
V  [libjvm.so+0x88a7a3]  PSVirtualSpace::expand_by(unsigned long)+0x53
V  [libjvm.so+0x88bb78]  PSYoungGen::resize_generation(unsigned long, unsigned long)+0xf8
V  [libjvm.so+0x88ace2]  PSYoungGen::resize(unsigned long, unsigned long)+0x22
V  [libjvm.so+0x888133]  PSScavenge::invoke_no_policy()+0xfb3
V  [libjvm.so+0x8888e1]  PSScavenge::invoke()+0x41
V  [libjvm.so+0x83f510]  ParallelScavengeHeap::failed_mem_allocate(unsigned long)+0x70
V  [libjvm.so+0x9a0417]  VM_ParallelGCFailedAllocation::doit()+0x97
V  [libjvm.so+0x9a78b5]  VM_Operation::evaluate()+0x55
V  [libjvm.so+0x9a5c7a]  VMThread::evaluate_operation(VM_Operation*)+0xba
V  [libjvm.so+0x9a5ffe]  VMThread::loop()+0x1ce
V  [libjvm.so+0x9a6470]  VMThread::run()+0x70
V  [libjvm.so+0x81f988]  java_start(Thread*)+0x108

VM_Operation (0x00007fed5d136b30): ParallelGCFailedAllocation, mode: safepoint, requested by thread 0x00007fed5400c000


---------------  P R O C E S S  ---------------

Java Threads: ( => current thread )
  0x00007fed544d4000 JavaThread "OrientDB WAL Flush Task (SQLServerTest)" daemon [_thread_blocked, id=6443, stack(0x00007fed4150c000,0x00007fed4160d000)]
  0x00007fed547de800 JavaThread "OrientDB Write Cache Flush Task (SQLServerTest)" daemon [_thread_blocked, id=6438, stack(0x00007fed4140b000,0x00007fed4150c000)]
  0x00007fed543cf800 JavaThread "Timer-1" [_thread_blocked, id=6436, stack(0x00007fed41a87000,0x00007fed41b88000)]
  0x00007fed54331000 JavaThread "Timer-0" daemon [_thread_blocked, id=6433, stack(0x00007fed422d2000,0x00007fed423d3000)]
  0x00007fed540a9000 JavaThread "Service Thread" daemon [_thread_blocked, id=6431, stack(0x00007fed42ba0000,0x00007fed42ca1000)]
  0x00007fed540a7000 JavaThread "C2 CompilerThread1" daemon [_thread_blocked, id=6430, stack(0x00007fed42ca1000,0x00007fed42da2000)]
  0x00007fed540a4000 JavaThread "C2 CompilerThread0" daemon [_thread_blocked, id=6429, stack(0x00007fed42da2000,0x00007fed42ea3000)]
  0x00007fed540a2800 JavaThread "Signal Dispatcher" daemon [_thread_blocked, id=6428, stack(0x00007fed42ea3000,0x00007fed42fa4000)]
  0x00007fed5407a800 JavaThread "Finalizer" daemon [_thread_blocked, id=6427, stack(0x00007fed437f8000,0x00007fed438f9000)]
  0x00007fed54078800 JavaThread "Reference Handler" daemon [_thread_blocked, id=6426, stack(0x00007fed438f9000,0x00007fed439fa000)]
  0x00007fed5400c000 JavaThread "main" [_thread_blocked, id=6416, stack(0x00007fed5d038000,0x00007fed5d139000)]

Other Threads:
=>0x00007fed54074800 VMThread [stack: 0x00007fed439fa000,0x00007fed43afb000] [id=6425]
  0x00007fed540b4000 WatcherThread [stack: 0x00007fed42a9f000,0x00007fed42ba0000] [id=6432]

VM state:at safepoint (normal execution)

VM Mutex/Monitor currently owned by a thread:  ([mutex/lock_event])
[0x00007fed540081c0] Threads_lock - owner thread: 0x00007fed54074800
[0x00007fed540086c0] Heap_lock - owner thread: 0x00007fed5400c000

Heap
 PSYoungGen      total 550912K, used 4277K [0x00000007c2880000, 0x00000007e5180000, 0x0000000800000000)
  eden space 544256K, 0% used [0x00000007c2880000,0x00000007c2880000,0x00000007e3c00000)
  from space 6656K, 64% used [0x00000007e4480000,0x00000007e48ad4d0,0x00000007e4b00000)
  to   space 512K, 0% used [0x00000007e5100000,0x00000007e5100000,0x00000007e5180000)
 ParOldGen       total 125440K, used 29157K [0x0000000747a00000, 0x000000074f480000, 0x00000007c2880000)
  object space 125440K, 23% used [0x0000000747a00000,0x0000000749679550,0x000000074f480000)
 PSPermGen       total 21504K, used 20484K [0x0000000742800000, 0x0000000743d00000, 0x0000000747a00000)
  object space 21504K, 95% used [0x0000000742800000,0x0000000743c01290,0x0000000743d00000)

Card table byte_map: [0x00007fed59d3d000,0x00007fed5a32a000] byte_map_base: 0x00007fed56329000

Polling page: 0x00007fed5d159000

Code Cache  [0x00007fed51000000, 0x00007fed51510000, 0x00007fed54000000)
 total_blobs=2026 nmethods=1618 adapters=360 free_code_cache=44122Kb largest_free_block=45046080

Compilation events (10 events):
Event: 49,830 Thread 0x00007fed540a7000 nmethod 1716 0x00007fed5144d410 code [0x00007fed5144d820, 0x00007fed5144f1d8]
Event: 49,858 Thread 0x00007fed540a7000 1717   !         com.orientechnologies.orient.core.storage.impl.local.OAbstractPaginatedStorage::doUpdateRecord (484 bytes)
Event: 50,719 Thread 0x00007fed540a7000 nmethod 1717 0x00007fed514fce50 code [0x00007fed514fd5e0, 0x00007fed51501c00]
Event: 50,756 Thread 0x00007fed540a7000 1718             com.orientechnologies.orient.core.storage.impl.local.OAbstractPaginatedStorage::checkForRecordValidity (22 bytes)
Event: 51,220 Thread 0x00007fed540a7000 nmethod 1718 0x00007fed513d3a50 code [0x00007fed513d3ba0, 0x00007fed513d3c58]
Event: 51,247 Thread 0x00007fed540a7000 1719             java.util.IdentityHashMap::put (123 bytes)
Event: 52,056 Thread 0x00007fed540a7000 nmethod 1719 0x00007fed5144b150 code [0x00007fed5144b2e0, 0x00007fed5144b658]
Event: 52,059 Thread 0x00007fed540a7000 1720             java.util.Collections$SingletonList::get (41 bytes)
Event: 52,386 Thread 0x00007fed540a7000 nmethod 1720 0x00007fed513d3810 code [0x00007fed513d3940, 0x00007fed513d39b8]
Event: 52,390 Thread 0x00007fed540a7000 1721             java.util.AbstractCollection::isEmpty (13 bytes)

GC Heap History (10 events):
Event: 34,172 GC heap after
Heap after GC invocations=22 (full 0):
 PSYoungGen      total 353280K, used 1735K [0x00000007c2880000, 0x00000007e5f00000, 0x0000000800000000)
  eden space 351232K, 0% used [0x00000007c2880000,0x00000007c2880000,0x00000007d7f80000)
  from space 2048K, 84% used [0x00000007e5d00000,0x00000007e5eb1d00,0x00000007e5f00000)
  to   space 6656K, 0% used [0x00000007e5200000,0x00000007e5200000,0x00000007e5880000)
 ParOldGen       total 125440K, used 28293K [0x0000000747a00000, 0x000000074f480000, 0x00000007c2880000)
  object space 125440K, 22% used [0x0000000747a00000,0x00000007495a1750,0x000000074f480000)
 PSPermGen       total 21504K, used 20054K [0x0000000742800000, 0x0000000743d00000, 0x0000000747a00000)
  object space 21504K, 93% used [0x0000000742800000,0x0000000743b95b00,0x0000000743d00000)
}
Event: 38,018 GC heap before
{Heap before GC invocations=23 (full 0):
 PSYoungGen      total 353280K, used 352967K [0x00000007c2880000, 0x00000007e5f00000, 0x0000000800000000)
  eden space 351232K, 100% used [0x00000007c2880000,0x00000007d7f80000,0x00000007d7f80000)
  from space 2048K, 84% used [0x00000007e5d00000,0x00000007e5eb1d00,0x00000007e5f00000)
  to   space 6656K, 0% used [0x00000007e5200000,0x00000007e5200000,0x00000007e5880000)
 ParOldGen       total 125440K, used 28293K [0x0000000747a00000, 0x000000074f480000, 0x00000007c2880000)
  object space 125440K, 22% used [0x0000000747a00000,0x00000007495a1750,0x000000074f480000)
 PSPermGen       total 21504K, used 20338K [0x0000000742800000, 0x0000000743d00000, 0x0000000747a00000)
  object space 21504K, 94% used [0x0000000742800000,0x0000000743bdca50,0x0000000743d00000)
Event: 38,112 GC heap after
Heap after GC invocations=23 (full 0):
 PSYoungGen      total 337408K, used 1268K [0x00000007c2880000, 0x00000007e5d80000, 0x0000000800000000)
  eden space 335872K, 0% used [0x00000007c2880000,0x00000007c2880000,0x00000007d7080000)
  from space 1536K, 82% used [0x00000007e5200000,0x00000007e533d318,0x00000007e5380000)
  to   space 6656K, 0% used [0x00000007e5700000,0x00000007e5700000,0x00000007e5d80000)
 ParOldGen       total 125440K, used 28653K [0x0000000747a00000, 0x000000074f480000, 0x00000007c2880000)
  object space 125440K, 22% used [0x0000000747a00000,0x00000007495fb760,0x000000074f480000)
 PSPermGen       total 21504K, used 20338K [0x0000000742800000, 0x0000000743d00000, 0x0000000747a00000)
  object space 21504K, 94% used [0x0000000742800000,0x0000000743bdca50,0x0000000743d00000)
}
Event: 42,034 GC heap before
{Heap before GC invocations=24 (full 0):
 PSYoungGen      total 337408K, used 337140K [0x00000007c2880000, 0x00000007e5d80000, 0x0000000800000000)
  eden space 335872K, 100% used [0x00000007c2880000,0x00000007d7080000,0x00000007d7080000)
  from space 1536K, 82% used [0x00000007e5200000,0x00000007e533d318,0x00000007e5380000)
  to   space 6656K, 0% used [0x00000007e5700000,0x00000007e5700000,0x00000007e5d80000)
 ParOldGen       total 125440K, used 28653K [0x0000000747a00000, 0x000000074f480000, 0x00000007c2880000)
  object space 125440K, 22% used [0x0000000747a00000,0x00000007495fb760,0x000000074f480000)
 PSPermGen       total 21504K, used 20383K [0x0000000742800000, 0x0000000743d00000, 0x0000000747a00000)
  object space 21504K, 94% used [0x0000000742800000,0x0000000743be7f30,0x0000000743d00000)
Event: 42,039 GC heap after
Heap after GC invocations=24 (full 0):
 PSYoungGen      total 325120K, used 3462K [0x00000007c2880000, 0x00000007e5a80000, 0x0000000800000000)
  eden space 321536K, 0% used [0x00000007c2880000,0x00000007c2880000,0x00000007d6280000)
  from space 3584K, 96% used [0x00000007e5700000,0x00000007e5a61ab8,0x00000007e5a80000)
  to   space 6656K, 0% used [0x00000007e4d80000,0x00000007e4d80000,0x00000007e5400000)
 ParOldGen       total 125440K, used 28893K [0x0000000747a00000, 0x000000074f480000, 0x00000007c2880000)
  object space 125440K, 23% used [0x0000000747a00000,0x0000000749637550,0x000000074f480000)
 PSPermGen       total 21504K, used 20383K [0x0000000742800000, 0x0000000743d00000, 0x0000000747a00000)
  object space 21504K, 94% used [0x0000000742800000,0x0000000743be7f30,0x0000000743d00000)
}
Event: 44,693 GC heap before
{Heap before GC invocations=25 (full 0):
 PSYoungGen      total 325120K, used 324998K [0x00000007c2880000, 0x00000007e5a80000, 0x0000000800000000)
  eden space 321536K, 100% used [0x00000007c2880000,0x00000007d6280000,0x00000007d6280000)
  from space 3584K, 96% used [0x00000007e5700000,0x00000007e5a61ab8,0x00000007e5a80000)
  to   space 6656K, 0% used [0x00000007e4d80000,0x00000007e4d80000,0x00000007e5400000)
 ParOldGen       total 125440K, used 28893K [0x0000000747a00000, 0x000000074f480000, 0x00000007c2880000)
  object space 125440K, 23% used [0x0000000747a00000,0x0000000749637550,0x000000074f480000)
 PSPermGen       total 21504K, used 20414K [0x0000000742800000, 0x0000000743d00000, 0x0000000747a00000)
  object space 21504K, 94% used [0x0000000742800000,0x0000000743bef9b8,0x0000000743d00000)
Event: 44,962 GC heap after
Heap after GC invocations=25 (full 0):
 PSYoungGen      total 418816K, used 384K [0x00000007c2880000, 0x00000007e5780000, 0x0000000800000000)
  eden space 418304K, 0% used [0x00000007c2880000,0x00000007c2880000,0x00000007dc100000)
  from space 512K, 75% used [0x00000007e4d80000,0x00000007e4de0000,0x00000007e4e00000)
  to   space 6656K, 0% used [0x00000007e5100000,0x00000007e5100000,0x00000007e5780000)
 ParOldGen       total 125440K, used 29061K [0x0000000747a00000, 0x000000074f480000, 0x00000007c2880000)
  object space 125440K, 23% used [0x0000000747a00000,0x0000000749661550,0x000000074f480000)
 PSPermGen       total 21504K, used 20414K [0x0000000742800000, 0x0000000743d00000, 0x0000000747a00000)
  object space 21504K, 94% used [0x0000000742800000,0x0000000743bef9b8,0x0000000743d00000)
}
Event: 47,999 GC heap before
{Heap before GC invocations=26 (full 0):
 PSYoungGen      total 418816K, used 418688K [0x00000007c2880000, 0x00000007e5780000, 0x0000000800000000)
  eden space 418304K, 100% used [0x00000007c2880000,0x00000007dc100000,0x00000007dc100000)
  from space 512K, 75% used [0x00000007e4d80000,0x00000007e4de0000,0x00000007e4e00000)
  to   space 6656K, 0% used [0x00000007e5100000,0x00000007e5100000,0x00000007e5780000)
 ParOldGen       total 125440K, used 29061K [0x0000000747a00000, 0x000000074f480000, 0x00000007c2880000)
  object space 125440K, 23% used [0x0000000747a00000,0x0000000749661550,0x000000074f480000)
 PSPermGen       total 21504K, used 20448K [0x0000000742800000, 0x0000000743d00000, 0x0000000747a00000)
  object space 21504K, 95% used [0x0000000742800000,0x0000000743bf8150,0x0000000743d00000)
Event: 48,161 GC heap after
Heap after GC invocations=26 (full 0):
 PSYoungGen      total 544768K, used 416K [0x00000007c2880000, 0x00000007e5180000, 0x0000000800000000)
  eden space 544256K, 0% used [0x00000007c2880000,0x00000007c2880000,0x00000007e3c00000)
  from space 512K, 81% used [0x00000007e5100000,0x00000007e5168000,0x00000007e5180000)
  to   space 6656K, 0% used [0x00000007e4480000,0x00000007e4480000,0x00000007e4b00000)
 ParOldGen       total 125440K, used 29101K [0x0000000747a00000, 0x000000074f480000, 0x00000007c2880000)
  object space 125440K, 23% used [0x0000000747a00000,0x000000074966b550,0x000000074f480000)
 PSPermGen       total 21504K, used 20448K [0x0000000742800000, 0x0000000743d00000, 0x0000000747a00000)
  object space 21504K, 95% used [0x0000000742800000,0x0000000743bf8150,0x0000000743d00000)
}
Event: 52,458 GC heap before
{Heap before GC invocations=27 (full 0):
 PSYoungGen      total 544768K, used 544672K [0x00000007c2880000, 0x00000007e5180000, 0x0000000800000000)
  eden space 544256K, 100% used [0x00000007c2880000,0x00000007e3c00000,0x00000007e3c00000)
  from space 512K, 81% used [0x00000007e5100000,0x00000007e5168000,0x00000007e5180000)
  to   space 6656K, 0% used [0x00000007e4480000,0x00000007e4480000,0x00000007e4b00000)
 ParOldGen       total 125440K, used 29101K [0x0000000747a00000, 0x000000074f480000, 0x00000007c2880000)
  object space 125440K, 23% used [0x0000000747a00000,0x000000074966b550,0x000000074f480000)
 PSPermGen       total 21504K, used 20484K [0x0000000742800000, 0x0000000743d00000, 0x0000000747a00000)
  object space 21504K, 95% used [0x0000000742800000,0x0000000743c01290,0x0000000743d00000)

Deoptimization events (10 events):
Event: 35,399 Thread 0x00007fed5400c000 Uncommon trap: reason=class_check action=maybe_recompile pc=0x00007fed514274fc method=java.util.Collections$UnmodifiableList.get(I)Ljava/lang/Object; @ 5
Event: 35,448 Thread 0x00007fed5400c000 Uncommon trap: reason=unreached action=reinterpret pc=0x00007fed513b67b8 method=com.orientechnologies.orient.core.metadata.schema.OType.convert(Ljava/lang/Object;Ljava/lang/Class;)Ljava/lang/Object; @ 253
Event: 37,140 Thread 0x00007fed5400c000 Uncommon trap: reason=bimorphic action=maybe_recompile pc=0x00007fed51411e74 method=java.util.Collections$UnmodifiableCollection.size()I @ 4
Event: 37,288 Thread 0x00007fed5400c000 Uncommon trap: reason=unreached action=reinterpret pc=0x00007fed513ce5d8 method=com.orientechnologies.teleporter.importengine.OGraphDBCommandEngine.upsertVisitedVertex(Lcom/tinkerpop/blueprints/impls/orient/OrientBaseGraph;Ljava/sql/ResultSet;Lcom/oriente
Event: 40,258 Thread 0x00007fed544d4000 Uncommon trap: reason=unreached action=reinterpret pc=0x00007fed5120647c method=java.util.concurrent.ThreadPoolExecutor.runWorker(Ljava/util/concurrent/ThreadPoolExecutor$Worker;)V @ 31
Event: 40,268 Thread 0x00007fed5400c000 Uncommon trap: reason=bimorphic action=maybe_recompile pc=0x00007fed510bf738 method=java.util.regex.Matcher.search(I)Z @ 86
Event: 40,283 Thread 0x00007fed5400c000 Uncommon trap: reason=class_check action=maybe_recompile pc=0x00007fed511e1bac method=java.util.concurrent.ScheduledThreadPoolExecutor.triggerTime(JLjava/util/concurrent/TimeUnit;)J @ 13
Event: 40,415 Thread 0x00007fed5400c000 Uncommon trap: reason=unloaded action=reinterpret pc=0x00007fed512cfecc method=com.orientechnologies.orient.core.storage.impl.local.paginated.wal.ODiskWriteAheadLog.log(Lcom/orientechnologies/orient/core/storage/impl/local/paginated/wal/OWALRecord;)Lcom/o
Event: 40,444 Thread 0x00007fed5400c000 Uncommon trap: reason=unreached action=reinterpret pc=0x00007fed5144d93c method=com.orientechnologies.orient.core.storage.impl.local.paginated.wal.ODiskWriteAheadLog$LogSegment.logRecord([B)Lcom/orientechnologies/orient/core/storage/impl/local/paginated/w
Event: 41,736 Thread 0x00007fed5400c000 Uncommon trap: reason=null_check action=make_not_entrant pc=0x00007fed51378e24 method=com.orientechnologies.orient.core.storage.impl.local.paginated.ORidBagUpdateSerializationOperation.execute(Lcom/orientechnologies/orient/core/storage/impl/local/OAbstrac

Internal exceptions (10 events):
Event: 37,424 Thread 0x00007fed5400c000 Threw 0x00000007d634f238 at /HUDSON/workspace/7u-2-build-linux-amd64/jdk7u65/1224/hotspot/src/share/vm/prims/jvm.cpp:1244
Event: 37,424 Thread 0x00007fed5400c000 Threw 0x00000007d63548b0 at /HUDSON/workspace/7u-2-build-linux-amd64/jdk7u65/1224/hotspot/src/share/vm/prims/jvm.cpp:1244
Event: 37,427 Thread 0x00007fed5400c000 Threw 0x00000007d636e5c8 at /HUDSON/workspace/7u-2-build-linux-amd64/jdk7u65/1224/hotspot/src/share/vm/prims/jvm.cpp:1244
Event: 37,427 Thread 0x00007fed5400c000 Threw 0x00000007d63740d0 at /HUDSON/workspace/7u-2-build-linux-amd64/jdk7u65/1224/hotspot/src/share/vm/prims/jvm.cpp:1244
Event: 37,427 Thread 0x00007fed5400c000 Threw 0x00000007d6375a30 at /HUDSON/workspace/7u-2-build-linux-amd64/jdk7u65/1224/hotspot/src/share/vm/prims/jvm.cpp:1244
Event: 37,428 Thread 0x00007fed5400c000 Threw 0x00000007d6383b20 at /HUDSON/workspace/7u-2-build-linux-amd64/jdk7u65/1224/hotspot/src/share/vm/prims/jvm.cpp:1244
Event: 37,428 Thread 0x00007fed5400c000 Threw 0x00000007d6388cd8 at /HUDSON/workspace/7u-2-build-linux-amd64/jdk7u65/1224/hotspot/src/share/vm/prims/jvm.cpp:1244
Event: 40,444 Thread 0x00007fed5400c000 Implicit null exception at 0x00007fed5144b54c to 0x00007fed5144d919
Event: 41,731 Thread 0x00007fed5400c000 Implicit null exception at 0x00007fed51378b6c to 0x00007fed51378e11
Event: 41,755 Thread 0x00007fed5400c000 Threw 0x00000007d469de08 at /HUDSON/workspace/7u-2-build-linux-amd64/jdk7u65/1224/hotspot/src/share/vm/prims/jvm.cpp:1244

Events (10 events):
Event: 46,068 Thread 0x00007fed540a7000 flushing nmethod 0x00007fed513c8e50
Event: 46,306 Thread 0x00007fed540a7000 flushing nmethod 0x00007fed51411c90
Event: 47,487 Thread 0x00007fed540a7000 flushing nmethod 0x00007fed51205950
Event: 47,581 Thread 0x00007fed540a7000 flushing nmethod 0x00007fed512cee50
Event: 47,594 Thread 0x00007fed540a7000 flushing nmethod 0x00007fed5144b010
Event: 47,910 Executing VM operation: ParallelGCFailedAllocation
Event: 48,193 Executing VM operation: ParallelGCFailedAllocation done
Event: 51,253 loading class 0x00007fed58abf300
Event: 51,271 loading class 0x00007fed58abf300 done
Event: 52,427 Executing VM operation: ParallelGCFailedAllocation


Dynamic libraries:
00400000-00401000 r-xp 00000000 08:03 666868                             /usr/lib/jvm/java-7-oracle/bin/java
00600000-00601000 rw-p 00000000 08:03 666868                             /usr/lib/jvm/java-7-oracle/bin/java
0135e000-0137f000 rw-p 00000000 00:00 0                                  [heap]
742800000-743d00000 rw-p 00000000 00:00 0 
743d00000-747a00000 rw-p 00000000 00:00 0 
747a00000-74f480000 rw-p 00000000 00:00 0 
74f480000-7c2880000 rw-p 00000000 00:00 0 
7c2880000-7e5180000 rw-p 00000000 00:00 0 
7ee980000-800000000 rw-p 00000000 00:00 0 
7fec5c000000-7fec5e52c000 rw-p 00000000 00:00 0 
7fec5e52c000-7fec60000000 ---p 00000000 00:00 0 
7fec64000000-7fec67ff9000 rw-p 00000000 00:00 0 
7fec67ff9000-7fec68000000 ---p 00000000 00:00 0 
7fec6c000000-7fec6fff9000 rw-p 00000000 00:00 0 
7fec6fff9000-7fec70000000 ---p 00000000 00:00 0 
7fec74000000-7fec77ff9000 rw-p 00000000 00:00 0 
7fec77ff9000-7fec78000000 ---p 00000000 00:00 0 
7fec7c000000-7fec7fff9000 rw-p 00000000 00:00 0 
7fec7fff9000-7fec80000000 ---p 00000000 00:00 0 
7fec84000000-7fec87ff9000 rw-p 00000000 00:00 0 
7fec87ff9000-7fec88000000 ---p 00000000 00:00 0 
7fec8c000000-7fec8fff9000 rw-p 00000000 00:00 0 
7fec8fff9000-7fec90000000 ---p 00000000 00:00 0 
7fec94000000-7fec97ff9000 rw-p 00000000 00:00 0 
7fec97ff9000-7fec98000000 ---p 00000000 00:00 0 
7fec9c000000-7fec9fff9000 rw-p 00000000 00:00 0 
7fec9fff9000-7feca0000000 ---p 00000000 00:00 0 
7feca4000000-7feca7ff9000 rw-p 00000000 00:00 0 
7feca7ff9000-7feca8000000 ---p 00000000 00:00 0 
7fecac000000-7fecafff9000 rw-p 00000000 00:00 0 
7fecafff9000-7fecb0000000 ---p 00000000 00:00 0 
7fecb4000000-7fecb7ff9000 rw-p 00000000 00:00 0 
7fecb7ff9000-7fecb8000000 ---p 00000000 00:00 0 
7fecbc000000-7fecbfff9000 rw-p 00000000 00:00 0 
7fecbfff9000-7fecc0000000 ---p 00000000 00:00 0 
7fecc4000000-7fecc7ff9000 rw-p 00000000 00:00 0 
7fecc7ff9000-7fecc8000000 ---p 00000000 00:00 0 
7feccc000000-7feccfff9000 rw-p 00000000 00:00 0 
7feccfff9000-7fecd0000000 ---p 00000000 00:00 0 
7fecd4000000-7fecd7ff9000 rw-p 00000000 00:00 0 
7fecd7ff9000-7fecd8000000 ---p 00000000 00:00 0 
7fecdc000000-7fecdfff9000 rw-p 00000000 00:00 0 
7fecdfff9000-7fece0000000 ---p 00000000 00:00 0 
7fece4000000-7fece7ff9000 rw-p 00000000 00:00 0 
7fece7ff9000-7fece8000000 ---p 00000000 00:00 0 
7fecec000000-7fecec021000 rw-p 00000000 00:00 0 
7fecec021000-7fecf0000000 ---p 00000000 00:00 0 
7fecf4000000-7fecf4021000 rw-p 00000000 00:00 0 
7fecf4021000-7fecf8000000 ---p 00000000 00:00 0 
7fecf8000000-7fecf8021000 rw-p 00000000 00:00 0 
7fecf8021000-7fecfc000000 ---p 00000000 00:00 0 
7fecfc000000-7fecfc021000 rw-p 00000000 00:00 0 
7fecfc021000-7fed00000000 ---p 00000000 00:00 0 
7fed00000000-7fed00021000 rw-p 00000000 00:00 0 
7fed00021000-7fed04000000 ---p 00000000 00:00 0 
7fed04000000-7fed04021000 rw-p 00000000 00:00 0 
7fed04021000-7fed08000000 ---p 00000000 00:00 0 
7fed08000000-7fed08021000 rw-p 00000000 00:00 0 
7fed08021000-7fed0c000000 ---p 00000000 00:00 0 
7fed0c000000-7fed0da09000 rw-p 00000000 00:00 0 
7fed0da09000-7fed10000000 ---p 00000000 00:00 0 
7fed10000000-7fed117ed000 rw-p 00000000 00:00 0 
7fed117ed000-7fed14000000 ---p 00000000 00:00 0 
7fed14000000-7fed14021000 rw-p 00000000 00:00 0 
7fed14021000-7fed18000000 ---p 00000000 00:00 0 
7fed18000000-7fed18021000 rw-p 00000000 00:00 0 
7fed18021000-7fed1c000000 ---p 00000000 00:00 0 
7fed1c000000-7fed1c021000 rw-p 00000000 00:00 0 
7fed1c021000-7fed20000000 ---p 00000000 00:00 0 
7fed22140000-7fed28000000 rw-p 00000000 00:00 0 
7fed28000000-7fed28021000 rw-p 00000000 00:00 0 
7fed28021000-7fed2c000000 ---p 00000000 00:00 0 
7fed2c000000-7fed2c250000 rw-p 00000000 00:00 0 
7fed2c250000-7fed30000000 ---p 00000000 00:00 0 
7fed30000000-7fed30021000 rw-p 00000000 00:00 0 
7fed30021000-7fed34000000 ---p 00000000 00:00 0 
7fed34000000-7fed34021000 rw-p 00000000 00:00 0 
7fed34021000-7fed38000000 ---p 00000000 00:00 0 
7fed38000000-7fed38021000 rw-p 00000000 00:00 0 
7fed38021000-7fed3c000000 ---p 00000000 00:00 0 
7fed3c000000-7fed3c021000 rw-p 00000000 00:00 0 
7fed3c021000-7fed40000000 ---p 00000000 00:00 0 
7fed413e8000-7fed4140b000 r--p 00000000 08:03 1062459                    /usr/share/locale-langpack/it/LC_MESSAGES/libc.mo
7fed4140b000-7fed4140e000 ---p 00000000 00:00 0 
7fed4140e000-7fed4150c000 rw-p 00000000 00:00 0                          [stack:6438]
7fed4150c000-7fed4150f000 ---p 00000000 00:00 0 
7fed4150f000-7fed4160d000 rw-p 00000000 00:00 0                          [stack:6443]
7fed4160d000-7fed41623000 r-xp 00000000 08:03 527468                     /lib/x86_64-linux-gnu/libgcc_s.so.1
7fed41623000-7fed41822000 ---p 00016000 08:03 527468                     /lib/x86_64-linux-gnu/libgcc_s.so.1
7fed41822000-7fed41823000 rw-p 00015000 08:03 527468                     /lib/x86_64-linux-gnu/libgcc_s.so.1
7fed41840000-7fed41872000 r-xp 00000000 08:03 667493                     /usr/lib/jvm/java-7-oracle/jre/lib/amd64/libsunec.so
7fed41872000-7fed41a71000 ---p 00032000 08:03 667493                     /usr/lib/jvm/java-7-oracle/jre/lib/amd64/libsunec.so
7fed41a71000-7fed41a77000 rw-p 00031000 08:03 667493                     /usr/lib/jvm/java-7-oracle/jre/lib/amd64/libsunec.so
7fed41a77000-7fed41a87000 rw-p 00000000 00:00 0 
7fed41a87000-7fed41a8a000 ---p 00000000 00:00 0 
7fed41a8a000-7fed41b88000 rw-p 00000000 00:00 0                          [stack:6436]
7fed41b88000-7fed41b8b000 ---p 00000000 00:00 0 
7fed41b8b000-7fed41c89000 rw-p 00000000 00:00 0 
7fed41c89000-7fed41ca0000 r-xp 00000000 08:03 524176                     /lib/x86_64-linux-gnu/libresolv-2.19.so
7fed41ca0000-7fed41ea0000 ---p 00017000 08:03 524176                     /lib/x86_64-linux-gnu/libresolv-2.19.so
7fed41ea0000-7fed41ea1000 r--p 00017000 08:03 524176                     /lib/x86_64-linux-gnu/libresolv-2.19.so
7fed41ea1000-7fed41ea2000 rw-p 00018000 08:03 524176                     /lib/x86_64-linux-gnu/libresolv-2.19.so
7fed41ea2000-7fed41ea4000 rw-p 00000000 00:00 0 
7fed41ea4000-7fed41ea9000 r-xp 00000000 08:03 524180                     /lib/x86_64-linux-gnu/libnss_dns-2.19.so
7fed41ea9000-7fed420a8000 ---p 00005000 08:03 524180                     /lib/x86_64-linux-gnu/libnss_dns-2.19.so
7fed420a8000-7fed420a9000 r--p 00004000 08:03 524180                     /lib/x86_64-linux-gnu/libnss_dns-2.19.so
7fed420a9000-7fed420aa000 rw-p 00005000 08:03 524180                     /lib/x86_64-linux-gnu/libnss_dns-2.19.so
7fed420aa000-7fed420ac000 r-xp 00000000 08:03 527617                     /lib/x86_64-linux-gnu/libnss_mdns4_minimal.so.2
7fed420ac000-7fed422ab000 ---p 00002000 08:03 527617                     /lib/x86_64-linux-gnu/libnss_mdns4_minimal.so.2
7fed422ab000-7fed422ac000 r--p 00001000 08:03 527617                     /lib/x86_64-linux-gnu/libnss_mdns4_minimal.so.2
7fed422ac000-7fed422ad000 rw-p 00002000 08:03 527617                     /lib/x86_64-linux-gnu/libnss_mdns4_minimal.so.2
7fed422b3000-7fed422b4000 rw-p 00000000 00:00 0 
7fed422b4000-7fed422bb000 r--s 00000000 08:03 946926                     /usr/lib/x86_64-linux-gnu/gconv/gconv-modules.cache
7fed422bb000-7fed422bf000 r--s 0002d000 08:03 667619                     /usr/lib/jvm/java-7-oracle/jre/lib/ext/sunjce_provider.jar
7fed422bf000-7fed422c0000 r--s 00003000 08:03 667617                     /usr/lib/jvm/java-7-oracle/jre/lib/ext/sunec.jar
7fed422c0000-7fed422c3000 r--s 00037000 08:03 667613                     /usr/lib/jvm/java-7-oracle/jre/lib/ext/sunpkcs11.jar
7fed422c3000-7fed422c5000 r--s 00019000 08:03 667459                     /usr/lib/jvm/java-7-oracle/jre/lib/jce.jar
7fed422c5000-7fed422ca000 r--s 0006d000 08:03 1442283                    /home/gabriele/github/teleporter/lib/sqljdbc4-2.0.jar
7fed422ca000-7fed422ce000 r--s 000f7000 08:03 667616                     /usr/lib/jvm/java-7-oracle/jre/lib/ext/localedata.jar
7fed422ce000-7fed422d2000 r--s 0008a000 08:03 667369                     /usr/lib/jvm/java-7-oracle/jre/lib/jsse.jar
7fed422d2000-7fed422d5000 ---p 00000000 00:00 0 
7fed422d5000-7fed423d3000 rw-p 00000000 00:00 0                          [stack:6433]
7fed423d3000-7fed423e9000 r-xp 00000000 08:03 667470                     /usr/lib/jvm/java-7-oracle/jre/lib/amd64/libnet.so
7fed423e9000-7fed425e9000 ---p 00016000 08:03 667470                     /usr/lib/jvm/java-7-oracle/jre/lib/amd64/libnet.so
7fed425e9000-7fed425ea000 rw-p 00016000 08:03 667470                     /usr/lib/jvm/java-7-oracle/jre/lib/amd64/libnet.so
7fed425ea000-7fed425fa000 r-xp 00000000 08:03 667508                     /usr/lib/jvm/java-7-oracle/jre/lib/amd64/libnio.so
7fed425fa000-7fed427fa000 ---p 00010000 08:03 667508                     /usr/lib/jvm/java-7-oracle/jre/lib/amd64/libnio.so
7fed427fa000-7fed427fb000 rw-p 00010000 08:03 667508                     /usr/lib/jvm/java-7-oracle/jre/lib/amd64/libnio.so
7fed427fb000-7fed427fd000 r--s 00014000 08:03 1595885                    /home/gabriele/.m2/repository/jline/jline/0.9.94/jline-0.9.94.jar
7fed427fd000-7fed42800000 r--s 00018000 08:03 1595884                    /home/gabriele/.m2/repository/org/fusesource/jansi/jansi/1.5/jansi-1.5.jar
7fed42800000-7fed42801000 r--s 00004000 08:03 1595883                    /home/gabriele/.m2/repository/org/apache/ant/ant-launcher/1.8.3/ant-launcher-1.8.3.jar
7fed42801000-7fed4281f000 r--s 001bc000 08:03 1595882                    /home/gabriele/.m2/repository/org/apache/ant/ant/1.8.3/ant-1.8.3.jar
7fed4281f000-7fed42821000 r--s 00004000 08:03 1595881                    /home/gabriele/.m2/repository/asm/asm-tree/3.2/asm-tree-3.2.jar
7fed42821000-7fed42822000 r--s 00004000 08:03 1595880                    /home/gabriele/.m2/repository/asm/asm-analysis/3.2/asm-analysis-3.2.jar
7fed42822000-7fed42823000 r--s 00008000 08:03 1595879                    /home/gabriele/.m2/repository/asm/asm-util/3.2/asm-util-3.2.jar
7fed42823000-7fed42828000 r--s 00068000 08:03 1595876                    /home/gabriele/.m2/repository/antlr/antlr/2.7.7/antlr-2.7.7.jar
7fed42828000-7fed4287e000 r--s 00502000 08:03 393790                     /home/gabriele/.m2/repository/org/codehaus/groovy/groovy/1.8.9/groovy-1.8.9.jar
7fed4287e000-7fed42893000 r--s 00116000 08:03 1595875                    /home/gabriele/.m2/repository/org/apache/ivy/ivy/2.3.0/ivy-2.3.0.jar
7fed42893000-7fed42897000 r--s 00026000 08:03 393980                     /home/gabriele/.m2/repository/com/tinkerpop/gremlin/gremlin-groovy/2.6.0/gremlin-groovy-2.6.0.jar
7fed42897000-7fed4289f000 r-xp 00000000 08:03 667467                     /usr/lib/jvm/java-7-oracle/jre/lib/amd64/libmanagement.so
7fed4289f000-7fed42a9e000 ---p 00008000 08:03 667467                     /usr/lib/jvm/java-7-oracle/jre/lib/amd64/libmanagement.so
7fed42a9e000-7fed42a9f000 rw-p 00007000 08:03 667467                     /usr/lib/jvm/java-7-oracle/jre/lib/amd64/libmanagement.so
7fed42a9f000-7fed42aa0000 ---p 00000000 00:00 0 
7fed42aa0000-7fed42ba0000 rw-p 00000000 00:00 0                          [stack:6432]
7fed42ba0000-7fed42ba3000 ---p 00000000 00:00 0 
7fed42ba3000-7fed42ca1000 rw-p 00000000 00:00 0                          [stack:6431]
7fed42ca1000-7fed42ca4000 ---p 00000000 00:00 0 
7fed42ca4000-7fed42da2000 rw-p 00000000 00:00 0                          [stack:6430]
7fed42da2000-7fed42da5000 ---p 00000000 00:00 0 
7fed42da5000-7fed42ea3000 rw-p 00000000 00:00 0                          [stack:6429]
7fed42ea3000-7fed42ea6000 ---p 00000000 00:00 0 
7fed42ea6000-7fed42fa4000 rw-p 00000000 00:00 0                          [stack:6428]
7fed42fa4000-7fed437f8000 r--p 00000000 08:03 656579                     /usr/lib/locale/locale-archive
7fed437f8000-7fed437fb000 ---p 00000000 00:00 0 
7fed437fb000-7fed438f9000 rw-p 00000000 00:00 0                          [stack:6427]
7fed438f9000-7fed438fc000 ---p 00000000 00:00 0 
7fed438fc000-7fed439fa000 rw-p 00000000 00:00 0                          [stack:6426]
7fed439fa000-7fed439fb000 ---p 00000000 00:00 0 
7fed439fb000-7fed44000000 rw-p 00000000 00:00 0                          [stack:6425]
7fed44000000-7fed44021000 rw-p 00000000 00:00 0 
7fed44021000-7fed48000000 ---p 00000000 00:00 0 
7fed48000000-7fed48021000 rw-p 00000000 00:00 0 
7fed48021000-7fed4c000000 ---p 00000000 00:00 0 
7fed4c000000-7fed4c021000 rw-p 00000000 00:00 0 
7fed4c021000-7fed50000000 ---p 00000000 00:00 0 
7fed50000000-7fed50002000 r--s 00007000 08:03 1595878                    /home/gabriele/.m2/repository/asm/asm-commons/3.2/asm-commons-3.2.jar
7fed50002000-7fed50003000 r--s 0000a000 08:03 1595877                    /home/gabriele/.m2/repository/asm/asm/3.2/asm-3.2.jar
7fed50003000-7fed50007000 r--s 00021000 08:03 393979                     /home/gabriele/.m2/repository/com/tinkerpop/pipes/2.6.0/pipes-2.6.0.jar
7fed50007000-7fed50008000 r--s 00005000 08:03 393978                     /home/gabriele/.m2/repository/com/tinkerpop/gremlin/gremlin-java/2.6.0/gremlin-java-2.6.0.jar
7fed50008000-7fed5000a000 r--s 0000d000 08:03 395507                     /home/gabriele/.m2/repository/commons-logging/commons-logging/1.1.1/commons-logging-1.1.1.jar
7fed5000a000-7fed5000e000 r--s 0002f000 08:03 395506                     /home/gabriele/.m2/repository/commons-beanutils/commons-beanutils-core/1.8.0/commons-beanutils-core-1.8.0.jar
7fed5000e000-7fed50013000 r--s 0002a000 08:03 395505                     /home/gabriele/.m2/repository/commons-beanutils/commons-beanutils/1.7.0/commons-beanutils-1.7.0.jar
7fed50013000-7fed50017000 r--s 00020000 08:03 395503                     /home/gabriele/.m2/repository/commons-digester/commons-digester/1.8/commons-digester-1.8.jar
7fed50017000-7fed5001b000 r--s 0003c000 08:03 395502                     /home/gabriele/.m2/repository/commons-lang/commons-lang/2.4/commons-lang-2.4.jar
7fed5001b000-7fed50029000 r--s 0007f000 08:03 395496                     /home/gabriele/.m2/repository/commons-collections/commons-collections/3.2.1/commons-collections-3.2.1.jar
7fed50029000-7fed5002f000 r--s 00043000 08:03 395500                     /home/gabriele/.m2/repository/commons-configuration/commons-configuration/1.6/commons-configuration-1.6.jar
7fed5002f000-7fed50048000 r--s 00127000 08:03 393977                     /home/gabriele/.m2/repository/com/carrotsearch/hppc/0.6.0/hppc-0.6.0.jar
7fed50048000-7fed5004c000 r--s 0002c000 08:03 393976                     /home/gabriele/.m2/repository/com/fasterxml/jackson/core/jackson-core/2.2.3/jackson-core-2.2.3.jar
7fed5004c000-7fed5004f000 r--s 00006000 08:03 393975                     /home/gabriele/.m2/repository/com/fasterxml/jackson/core/jackson-annotations/2.2.3/jackson-annotations-2.2.3.jar
7fed5004f000-7fed50060000 r--s 000c3000 08:03 393974                     /home/gabriele/.m2/repository/com/fasterxml/jackson/core/jackson-databind/2.2.3/jackson-databind-2.2.3.jar
7fed50060000-7fed50062000 r--s 00005000 08:03 395489                     /home/gabriele/.m2/repository/stax/stax-api/1.0.1/stax-api-1.0.1.jar
7fed50062000-7fed50064000 r--s 00012000 08:03 395486                     /home/gabriele/.m2/repository/org/codehaus/jettison/jettison/1.3.3/jettison-1.3.3.jar
7fed50064000-7fed5006b000 r--s 0003c000 08:03 393973                     /home/gabriele/.m2/repository/com/tinkerpop/blueprints/blueprints-core/2.6.0/blueprints-core-2.6.0.jar
7fed5006b000-7fed50074000 r--s 00098000 08:03 1602048                    /home/gabriele/.m2/repository/org/javassist/javassist/3.16.1-GA/javassist-3.16.1-GA.jar
7fed50074000-7fed50079000 r--s 00014000 08:03 1602047                    /home/gabriele/.m2/repository/org/hibernate/javax/persistence/hibernate-jpa-2.0-api/1.0.0.Final/hibernate-jpa-2.0-api-1.0.0.Final.jar
7fed50079000-7fed5007c000 r--s 0002b000 08:03 397964                     /home/gabriele/.m2/repository/com/orientechnologies/orientdb-object/2.1.2/orientdb-object-2.1.2.jar
7fed5007c000-7fed50082000 r--s 00059000 08:03 1602045                    /home/gabriele/.m2/repository/javax/mail/mail/1.4/mail-1.4.jar
7fed50082000-7fed5008c000 r--s 00251000 08:03 667677                     /usr/lib/jvm/java-7-oracle/jre/lib/resources.jar
7fed5008c000-7fed50096000 r--s 00078000 08:03 397956                     /home/gabriele/.m2/repository/com/orientechnologies/orientdb-server/2.1.2/orientdb-server-2.1.2.jar
7fed50096000-7fed500c9000 r--s 002b9000 08:03 397952                     /home/gabriele/.m2/repository/com/orientechnologies/orientdb-core/2.1.2/orientdb-core-2.1.2.jar
7fed500c9000-7fed51000000 rw-p 00000000 00:00 0 
7fed51000000-7fed51510000 rwxp 00000000 00:00 0 
7fed51510000-7fed57fff000 rw-p 00000000 00:00 0 
7fed57fff000-7fed58000000 ---p 00000000 00:00 0 
7fed58000000-7fed58001000 r--s 0000c000 08:03 397962                     /home/gabriele/.m2/repository/com/orientechnologies/orientdb-tools/2.1.2/orientdb-tools-2.1.2.jar
7fed58001000-7fed58854000 rw-p 00000000 00:00 0 
7fed58854000-7fed58a13000 r--s 039e5000 08:03 667410                     /usr/lib/jvm/java-7-oracle/jre/lib/rt.jar
7fed58a13000-7fed59134000 rw-p 00000000 00:00 0 
7fed59134000-7fed59135000 ---p 00000000 00:00 0 
7fed59135000-7fed59235000 rw-p 00000000 00:00 0                          [stack:6424]
7fed59235000-7fed59236000 ---p 00000000 00:00 0 
7fed59236000-7fed59336000 rw-p 00000000 00:00 0                          [stack:6423]
7fed59336000-7fed59337000 ---p 00000000 00:00 0 
7fed59337000-7fed59437000 rw-p 00000000 00:00 0                          [stack:6422]
7fed59437000-7fed59438000 ---p 00000000 00:00 0 
7fed59438000-7fed59538000 rw-p 00000000 00:00 0                          [stack:6421]
7fed59538000-7fed59539000 ---p 00000000 00:00 0 
7fed59539000-7fed59639000 rw-p 00000000 00:00 0                          [stack:6420]
7fed59639000-7fed5963a000 ---p 00000000 00:00 0 
7fed5963a000-7fed5973a000 rw-p 00000000 00:00 0                          [stack:6419]
7fed5973a000-7fed5973b000 ---p 00000000 00:00 0 
7fed5973b000-7fed5983b000 rw-p 00000000 00:00 0                          [stack:6418]
7fed5983b000-7fed5983c000 ---p 00000000 00:00 0 
7fed5983c000-7fed59947000 rw-p 00000000 00:00 0                          [stack:6417]
7fed59947000-7fed59965000 rw-p 00000000 00:00 0 
7fed59965000-7fed599a3000 rw-p 00000000 00:00 0 
7fed599a3000-7fed59d3d000 rw-p 00000000 00:00 0 
7fed59d3d000-7fed59d48000 rw-p 00000000 00:00 0 
7fed59d48000-7fed59d66000 rw-p 00000000 00:00 0 
7fed59d66000-7fed59da4000 rw-p 00000000 00:00 0 
7fed59da4000-7fed5a13d000 rw-p 00000000 00:00 0 
7fed5a13d000-7fed5a252000 rw-p 00000000 00:00 0 
7fed5a252000-7fed5a270000 ---p 00000000 00:00 0 
7fed5a270000-7fed5a329000 rw-p 00000000 00:00 0 
7fed5a329000-7fed5a32a000 rw-p 00000000 00:00 0 
7fed5a32a000-7fed5a344000 r-xp 00000000 08:03 667468                     /usr/lib/jvm/java-7-oracle/jre/lib/amd64/libzip.so
7fed5a344000-7fed5a544000 ---p 0001a000 08:03 667468                     /usr/lib/jvm/java-7-oracle/jre/lib/amd64/libzip.so
7fed5a544000-7fed5a545000 rw-p 0001a000 08:03 667468                     /usr/lib/jvm/java-7-oracle/jre/lib/amd64/libzip.so
7fed5a545000-7fed5a550000 r-xp 00000000 08:03 524178                     /lib/x86_64-linux-gnu/libnss_files-2.19.so
7fed5a550000-7fed5a74f000 ---p 0000b000 08:03 524178                     /lib/x86_64-linux-gnu/libnss_files-2.19.so
7fed5a74f000-7fed5a750000 r--p 0000a000 08:03 524178                     /lib/x86_64-linux-gnu/libnss_files-2.19.so
7fed5a750000-7fed5a751000 rw-p 0000b000 08:03 524178                     /lib/x86_64-linux-gnu/libnss_files-2.19.so
7fed5a751000-7fed5a75c000 r-xp 00000000 08:03 527427                     /lib/x86_64-linux-gnu/libnss_nis-2.19.so
7fed5a75c000-7fed5a95b000 ---p 0000b000 08:03 527427                     /lib/x86_64-linux-gnu/libnss_nis-2.19.so
7fed5a95b000-7fed5a95c000 r--p 0000a000 08:03 527427                     /lib/x86_64-linux-gnu/libnss_nis-2.19.so
7fed5a95c000-7fed5a95d000 rw-p 0000b000 08:03 527427                     /lib/x86_64-linux-gnu/libnss_nis-2.19.so
7fed5a95d000-7fed5a974000 r-xp 00000000 08:03 524188                     /lib/x86_64-linux-gnu/libnsl-2.19.so
7fed5a974000-7fed5ab73000 ---p 00017000 08:03 524188                     /lib/x86_64-linux-gnu/libnsl-2.19.so
7fed5ab73000-7fed5ab74000 r--p 00016000 08:03 524188                     /lib/x86_64-linux-gnu/libnsl-2.19.so
7fed5ab74000-7fed5ab75000 rw-p 00017000 08:03 524188                     /lib/x86_64-linux-gnu/libnsl-2.19.so
7fed5ab75000-7fed5ab77000 rw-p 00000000 00:00 0 
7fed5ab77000-7fed5ab80000 r-xp 00000000 08:03 524187                     /lib/x86_64-linux-gnu/libnss_compat-2.19.so
7fed5ab80000-7fed5ad7f000 ---p 00009000 08:03 524187                     /lib/x86_64-linux-gnu/libnss_compat-2.19.so
7fed5ad7f000-7fed5ad80000 r--p 00008000 08:03 524187                     /lib/x86_64-linux-gnu/libnss_compat-2.19.so
7fed5ad80000-7fed5ad81000 rw-p 00009000 08:03 524187                     /lib/x86_64-linux-gnu/libnss_compat-2.19.so
7fed5ad81000-7fed5adaa000 r-xp 00000000 08:03 667469                     /usr/lib/jvm/java-7-oracle/jre/lib/amd64/libjava.so
7fed5adaa000-7fed5afaa000 ---p 00029000 08:03 667469                     /usr/lib/jvm/java-7-oracle/jre/lib/amd64/libjava.so
7fed5afaa000-7fed5afac000 rw-p 00029000 08:03 667469                     /usr/lib/jvm/java-7-oracle/jre/lib/amd64/libjava.so
7fed5afac000-7fed5afb9000 r-xp 00000000 08:03 667507                     /usr/lib/jvm/java-7-oracle/jre/lib/amd64/libverify.so
7fed5afb9000-7fed5b1b8000 ---p 0000d000 08:03 667507                     /usr/lib/jvm/java-7-oracle/jre/lib/amd64/libverify.so
7fed5b1b8000-7fed5b1ba000 rw-p 0000c000 08:03 667507                     /usr/lib/jvm/java-7-oracle/jre/lib/amd64/libverify.so
7fed5b1ba000-7fed5b1c1000 r-xp 00000000 08:03 527424                     /lib/x86_64-linux-gnu/librt-2.19.so
7fed5b1c1000-7fed5b3c0000 ---p 00007000 08:03 527424                     /lib/x86_64-linux-gnu/librt-2.19.so
7fed5b3c0000-7fed5b3c1000 r--p 00006000 08:03 527424                     /lib/x86_64-linux-gnu/librt-2.19.so
7fed5b3c1000-7fed5b3c2000 rw-p 00007000 08:03 527424                     /lib/x86_64-linux-gnu/librt-2.19.so
7fed5b3c2000-7fed5b4c7000 r-xp 00000000 08:03 524177                     /lib/x86_64-linux-gnu/libm-2.19.so
7fed5b4c7000-7fed5b6c6000 ---p 00105000 08:03 524177                     /lib/x86_64-linux-gnu/libm-2.19.so
7fed5b6c6000-7fed5b6c7000 r--p 00104000 08:03 524177                     /lib/x86_64-linux-gnu/libm-2.19.so
7fed5b6c7000-7fed5b6c8000 rw-p 00105000 08:03 524177                     /lib/x86_64-linux-gnu/libm-2.19.so
7fed5b6c8000-7fed5c238000 r-xp 00000000 08:03 667473                     /usr/lib/jvm/java-7-oracle/jre/lib/amd64/server/libjvm.so
7fed5c238000-7fed5c437000 ---p 00b70000 08:03 667473                     /usr/lib/jvm/java-7-oracle/jre/lib/amd64/server/libjvm.so
7fed5c437000-7fed5c4fc000 rw-p 00b6f000 08:03 667473                     /usr/lib/jvm/java-7-oracle/jre/lib/amd64/server/libjvm.so
7fed5c4fc000-7fed5c53c000 rw-p 00000000 00:00 0 
7fed5c53c000-7fed5c6f7000 r-xp 00000000 08:03 527397                     /lib/x86_64-linux-gnu/libc-2.19.so
7fed5c6f7000-7fed5c8f6000 ---p 001bb000 08:03 527397                     /lib/x86_64-linux-gnu/libc-2.19.so
7fed5c8f6000-7fed5c8fa000 r--p 001ba000 08:03 527397                     /lib/x86_64-linux-gnu/libc-2.19.so
7fed5c8fa000-7fed5c8fc000 rw-p 001be000 08:03 527397                     /lib/x86_64-linux-gnu/libc-2.19.so
7fed5c8fc000-7fed5c901000 rw-p 00000000 00:00 0 
7fed5c901000-7fed5c904000 r-xp 00000000 08:03 524181                     /lib/x86_64-linux-gnu/libdl-2.19.so
7fed5c904000-7fed5cb03000 ---p 00003000 08:03 524181                     /lib/x86_64-linux-gnu/libdl-2.19.so
7fed5cb03000-7fed5cb04000 r--p 00002000 08:03 524181                     /lib/x86_64-linux-gnu/libdl-2.19.so
7fed5cb04000-7fed5cb05000 rw-p 00003000 08:03 524181                     /lib/x86_64-linux-gnu/libdl-2.19.so
7fed5cb05000-7fed5cb1b000 r-xp 00000000 08:03 658308                     /usr/lib/jvm/java-7-oracle/lib/amd64/jli/libjli.so
7fed5cb1b000-7fed5cd1b000 ---p 00016000 08:03 658308                     /usr/lib/jvm/java-7-oracle/lib/amd64/jli/libjli.so
7fed5cd1b000-7fed5cd1c000 rw-p 00016000 08:03 658308                     /usr/lib/jvm/java-7-oracle/lib/amd64/jli/libjli.so
7fed5cd1c000-7fed5cd35000 r-xp 00000000 08:03 527400                     /lib/x86_64-linux-gnu/libpthread-2.19.so
7fed5cd35000-7fed5cf34000 ---p 00019000 08:03 527400                     /lib/x86_64-linux-gnu/libpthread-2.19.so
7fed5cf34000-7fed5cf35000 r--p 00018000 08:03 527400                     /lib/x86_64-linux-gnu/libpthread-2.19.so
7fed5cf35000-7fed5cf36000 rw-p 00019000 08:03 527400                     /lib/x86_64-linux-gnu/libpthread-2.19.so
7fed5cf36000-7fed5cf3a000 rw-p 00000000 00:00 0 
7fed5cf3a000-7fed5cf5d000 r-xp 00000000 08:03 527356                     /lib/x86_64-linux-gnu/ld-2.19.so
7fed5cf5d000-7fed5cf5f000 r--s 0000e000 08:03 1602046                    /home/gabriele/.m2/repository/javax/activation/activation/1.1/activation-1.1.jar
7fed5cf5f000-7fed5cf61000 r--s 00008000 08:03 397960                     /home/gabriele/.m2/repository/com/orientechnologies/orientdb-enterprise/2.1.2/orientdb-enterprise-2.1.2.jar
7fed5cf61000-7fed5cf65000 r--s 00039000 08:03 397954                     /home/gabriele/.m2/repository/com/orientechnologies/orientdb-graphdb/2.1.2/orientdb-graphdb-2.1.2.jar
7fed5cf65000-7fed5cf74000 r--s 0011b000 08:03 393972                     /home/gabriele/.m2/repository/net/java/dev/jna/jna-platform/4.0.0/jna-platform-4.0.0.jar
7fed5cf74000-7fed5cf78000 r--s 000dc000 08:03 393971                     /home/gabriele/.m2/repository/net/java/dev/jna/jna/4.0.0/jna-4.0.0.jar
7fed5cf78000-7fed5cf8d000 rw-p 00000000 00:00 0 
7fed5cf8d000-7fed5d038000 rw-p 00000000 00:00 0 
7fed5d038000-7fed5d03b000 ---p 00000000 00:00 0 
7fed5d03b000-7fed5d13d000 rw-p 00000000 00:00 0                          [stack:6416]
7fed5d13d000-7fed5d13f000 r--s 00012000 08:03 397958                     /home/gabriele/.m2/repository/com/orientechnologies/orientdb-client/2.1.2/orientdb-client-2.1.2.jar
7fed5d13f000-7fed5d143000 r--s 00019000 08:03 393970                     /home/gabriele/.m2/repository/com/googlecode/concurrentlinkedhashmap/concurrentlinkedhashmap-lru/1.4.1/concurrentlinkedhashmap-lru-1.4.1.jar
7fed5d143000-7fed5d146000 r--s 00067000 08:03 1602049                    /home/gabriele/.m2/repository/org/xerial/snappy/snappy-java/1.1.0.1/snappy-java-1.1.0.1.jar
7fed5d146000-7fed5d148000 r--s 0000c000 08:03 677679                     /opt/eclipse/plugins/org.hamcrest.core_1.3.0.v201303031735.jar
7fed5d148000-7fed5d150000 r--s 00045000 08:03 677325                     /opt/eclipse/plugins/org.junit_4.12.0.v201504281640/junit.jar
7fed5d150000-7fed5d158000 rw-s 00000000 08:03 523769                     /tmp/hsperfdata_gabriele/6411
7fed5d158000-7fed5d159000 rw-p 00000000 00:00 0 
7fed5d159000-7fed5d15a000 ---p 00000000 00:00 0 
7fed5d15a000-7fed5d15c000 rw-p 00000000 00:00 0 
7fed5d15c000-7fed5d15d000 r--p 00022000 08:03 527356                     /lib/x86_64-linux-gnu/ld-2.19.so
7fed5d15d000-7fed5d15e000 rw-p 00023000 08:03 527356                     /lib/x86_64-linux-gnu/ld-2.19.so
7fed5d15e000-7fed5d15f000 rw-p 00000000 00:00 0 
7fff877bc000-7fff877df000 rw-p 00000000 00:00 0                          [stack]
7fff877e7000-7fff877e9000 r-xp 00000000 00:00 0                          [vdso]
ffffffffff600000-ffffffffff601000 r-xp 00000000 00:00 0                  [vsyscall]

VM Arguments:
jvm_args: -Dfile.encoding=UTF-8 
java_command: com.orientechnologies.teleporter.main.OTeleporter -jdriver SQLServer -jurl jdbc:sqlserver://10.0.1.8:1433;databaseName=AdventureWorks2014; -juser admin -jpasswd admin -ourl plocal:/home/gabriele/orientdb-community-2.1.0/databases/SQLServerTest -s naive -exclude trace_xe_action_map,trace_xe_event_map
Launcher Type: SUN_STANDARD

Environment Variables:
JAVA_HOME=/usr/lib/jvm/java-7-oracle
PATH=/usr/local/sbin:/usr/local/bin:/usr/sbin:/usr/bin:/sbin:/bin:/usr/games:/usr/local/games:/home/gabriele/netkit/bin:/usr/lib/jvm/java-7-oracle/bin:/home/gabriele/tomcat6/bin:/home/gabriele/mongodb/bin:/home/gabriele/hadoop-0.20.2/bin
SHELL=/bin/bash
DISPLAY=:0

Signal Handlers:
SIGSEGV: [libjvm.so+0x99f4a0], sa_mask[0]=0x7ffbfeff, sa_flags=0x10000004
SIGBUS: [libjvm.so+0x99f4a0], sa_mask[0]=0x7ffbfeff, sa_flags=0x10000004
SIGFPE: [libjvm.so+0x81a860], sa_mask[0]=0x7ffbfeff, sa_flags=0x10000004
SIGPIPE: [libjvm.so+0x81a860], sa_mask[0]=0x7ffbfeff, sa_flags=0x10000004
SIGXFSZ: [libjvm.so+0x81a860], sa_mask[0]=0x7ffbfeff, sa_flags=0x10000004
SIGILL: [libjvm.so+0x81a860], sa_mask[0]=0x7ffbfeff, sa_flags=0x10000004
SIGUSR1: SIG_DFL, sa_mask[0]=0x00000000, sa_flags=0x00000000
SIGUSR2: [libjvm.so+0x81c060], sa_mask[0]=0x00000004, sa_flags=0x10000004
SIGHUP: [libjvm.so+0x81d160], sa_mask[0]=0x7ffbfeff, sa_flags=0x10000004
SIGINT: [libjvm.so+0x81d160], sa_mask[0]=0x7ffbfeff, sa_flags=0x10000004
SIGTERM: [libjvm.so+0x81d160], sa_mask[0]=0x7ffbfeff, sa_flags=0x10000004
SIGQUIT: [libjvm.so+0x81d160], sa_mask[0]=0x7ffbfeff, sa_flags=0x10000004


---------------  S Y S T E M  ---------------

OS:jessie/sid

uname:Linux 3.13.0-46-generic #79-Ubuntu SMP Tue Mar 10 20:06:50 UTC 2015 x86_64
libc:glibc 2.19 NPTL 2.19 
rlimit: STACK 8192k, CORE 0k, NPROC 94118, NOFILE 4096, AS infinity
load average:6,59 2,91 2,25

/proc/meminfo:
MemTotal:       12078340 kB
MemFree:          124440 kB
Buffers:             292 kB
Cached:           101192 kB
SwapCached:            0 kB
Active:          7201692 kB
Inactive:          96752 kB
Active(anon):    7199808 kB
Inactive(anon):    62348 kB
Active(file):       1884 kB
Inactive(file):    34404 kB
Unevictable:          64 kB
Mlocked:              64 kB
SwapTotal:             0 kB
SwapFree:              0 kB
Dirty:               268 kB
Writeback:             0 kB
AnonPages:       7196852 kB
Mapped:          4425648 kB
Shmem:             65368 kB
Slab:             111584 kB
SReclaimable:      31196 kB
SUnreclaim:        80388 kB
KernelStack:        6064 kB
PageTables:        69348 kB
NFS_Unstable:          0 kB
Bounce:                0 kB
WritebackTmp:          0 kB
CommitLimit:     6039168 kB
Committed_AS:   14118904 kB
VmallocTotal:   34359738367 kB
VmallocUsed:      303952 kB
VmallocChunk:   34359428060 kB
HardwareCorrupted:     0 kB
AnonHugePages:   2369536 kB
HugePages_Total:       0
HugePages_Free:        0
HugePages_Rsvd:        0
HugePages_Surp:        0
Hugepagesize:       2048 kB
DirectMap4k:       90624 kB
DirectMap2M:     1777664 kB
DirectMap1G:    10485760 kB


CPU:total 8 (4 cores per cpu, 2 threads per core) family 6 model 60 stepping 3, cmov, cx8, fxsr, mmx, sse, sse2, sse3, ssse3, sse4.1, sse4.2, popcnt, avx, avx2, aes, erms, ht, tsc, tscinvbit

/proc/cpuinfo:
processor	: 0
vendor_id	: GenuineIntel
cpu family	: 6
model		: 60
model name	: Intel(R) Core(TM) i7-4700MQ CPU @ 2.40GHz
stepping	: 3
microcode	: 0x8
cpu MHz		: 2401.000
cache size	: 6144 KB
physical id	: 0
siblings	: 8
core id		: 0
cpu cores	: 4
apicid		: 0
initial apicid	: 0
fpu		: yes
fpu_exception	: yes
cpuid level	: 13
wp		: yes
flags		: fpu vme de pse tsc msr pae mce cx8 apic sep mtrr pge mca cmov pat pse36 clflush dts acpi mmx fxsr sse sse2 ss ht tm pbe syscall nx pdpe1gb rdtscp lm constant_tsc arch_perfmon pebs bts rep_good nopl xtopology nonstop_tsc aperfmperf eagerfpu pni pclmulqdq dtes64 monitor ds_cpl vmx est tm2 ssse3 fma cx16 xtpr pdcm pcid sse4_1 sse4_2 movbe popcnt tsc_deadline_timer aes xsave avx f16c rdrand lahf_lm abm ida arat epb xsaveopt pln pts dtherm tpr_shadow vnmi flexpriority ept vpid fsgsbase tsc_adjust bmi1 avx2 smep bmi2 erms invpcid
bogomips	: 4788.72
clflush size	: 64
cache_alignment	: 64
address sizes	: 39 bits physical, 48 bits virtual
power management:

processor	: 1
vendor_id	: GenuineIntel
cpu family	: 6
model		: 60
model name	: Intel(R) Core(TM) i7-4700MQ CPU @ 2.40GHz
stepping	: 3
microcode	: 0x8
cpu MHz		: 800.000
cache size	: 6144 KB
physical id	: 0
siblings	: 8
core id		: 0
cpu cores	: 4
apicid		: 1
initial apicid	: 1
fpu		: yes
fpu_exception	: yes
cpuid level	: 13
wp		: yes
flags		: fpu vme de pse tsc msr pae mce cx8 apic sep mtrr pge mca cmov pat pse36 clflush dts acpi mmx fxsr sse sse2 ss ht tm pbe syscall nx pdpe1gb rdtscp lm constant_tsc arch_perfmon pebs bts rep_good nopl xtopology nonstop_tsc aperfmperf eagerfpu pni pclmulqdq dtes64 monitor ds_cpl vmx est tm2 ssse3 fma cx16 xtpr pdcm pcid sse4_1 sse4_2 movbe popcnt tsc_deadline_timer aes xsave avx f16c rdrand lahf_lm abm ida arat epb xsaveopt pln pts dtherm tpr_shadow vnmi flexpriority ept vpid fsgsbase tsc_adjust bmi1 avx2 smep bmi2 erms invpcid
bogomips	: 4788.72
clflush size	: 64
cache_alignment	: 64
address sizes	: 39 bits physical, 48 bits virtual
power management:

processor	: 2
vendor_id	: GenuineIntel
cpu family	: 6
model		: 60
model name	: Intel(R) Core(TM) i7-4700MQ CPU @ 2.40GHz
stepping	: 3
microcode	: 0x8
cpu MHz		: 2401.000
cache size	: 6144 KB
physical id	: 0
siblings	: 8
core id		: 1
cpu cores	: 4
apicid		: 2
initial apicid	: 2
fpu		: yes
fpu_exception	: yes
cpuid level	: 13
wp		: yes
flags		: fpu vme de pse tsc msr pae mce cx8 apic sep mtrr pge mca cmov pat pse36 clflush dts acpi mmx fxsr sse sse2 ss ht tm pbe syscall nx pdpe1gb rdtscp lm constant_tsc arch_perfmon pebs bts rep_good nopl xtopology nonstop_tsc aperfmperf eagerfpu pni pclmulqdq dtes64 monitor ds_cpl vmx est tm2 ssse3 fma cx16 xtpr pdcm pcid sse4_1 sse4_2 movbe popcnt tsc_deadline_timer aes xsave avx f16c rdrand lahf_lm abm ida arat epb xsaveopt pln pts dtherm tpr_shadow vnmi flexpriority ept vpid fsgsbase tsc_adjust bmi1 avx2 smep bmi2 erms invpcid
bogomips	: 4788.72
clflush size	: 64
cache_alignment	: 64
address sizes	: 39 bits physical, 48 bits virtual
power management:

processor	: 3
vendor_id	: GenuineIntel
cpu family	: 6
model		: 60
model name	: Intel(R) Core(TM) i7-4700MQ CPU @ 2.40GHz
stepping	: 3
microcode	: 0x8
cpu MHz		: 2100.000
cache size	: 6144 KB
physical id	: 0
siblings	: 8
core id		: 1
cpu cores	: 4
apicid		: 3
initial apicid	: 3
fpu		: yes
fpu_exception	: yes
cpuid level	: 13
wp		: yes
flags		: fpu vme de pse tsc msr pae mce cx8 apic sep mtrr pge mca cmov pat pse36 clflush dts acpi mmx fxsr sse sse2 ss ht tm pbe syscall nx pdpe1gb rdtscp lm constant_tsc arch_perfmon pebs bts rep_good nopl xtopology nonstop_tsc aperfmperf eagerfpu pni pclmulqdq dtes64 monitor ds_cpl vmx est tm2 ssse3 fma cx16 xtpr pdcm pcid sse4_1 sse4_2 movbe popcnt tsc_deadline_timer aes xsave avx f16c rdrand lahf_lm abm ida arat epb xsaveopt pln pts dtherm tpr_shadow vnmi flexpriority ept vpid fsgsbase tsc_adjust bmi1 avx2 smep bmi2 erms invpcid
bogomips	: 4788.72
clflush size	: 64
cache_alignment	: 64
address sizes	: 39 bits physical, 48 bits virtual
power management:

processor	: 4
vendor_id	: GenuineIntel
cpu family	: 6
model		: 60
model name	: Intel(R) Core(TM) i7-4700MQ CPU @ 2.40GHz
stepping	: 3
microcode	: 0x8
cpu MHz		: 2401.000
cache size	: 6144 KB
physical id	: 0
siblings	: 8
core id		: 2
cpu cores	: 4
apicid		: 4
initial apicid	: 4
fpu		: yes
fpu_exception	: yes
cpuid level	: 13
wp		: yes
flags		: fpu vme de pse tsc msr pae mce cx8 apic sep mtrr pge mca cmov pat pse36 clflush dts acpi mmx fxsr sse sse2 ss ht tm pbe syscall nx pdpe1gb rdtscp lm constant_tsc arch_perfmon pebs bts rep_good nopl xtopology nonstop_tsc aperfmperf eagerfpu pni pclmulqdq dtes64 monitor ds_cpl vmx est tm2 ssse3 fma cx16 xtpr pdcm pcid sse4_1 sse4_2 movbe popcnt tsc_deadline_timer aes xsave avx f16c rdrand lahf_lm abm ida arat epb xsaveopt pln pts dtherm tpr_shadow vnmi flexpriority ept vpid fsgsbase tsc_adjust bmi1 avx2 smep bmi2 erms invpcid
bogomips	: 4788.72
clflush size	: 64
cache_alignment	: 64
address sizes	: 39 bits physical, 48 bits virtual
power management:

processor	: 5
vendor_id	: GenuineIntel
cpu family	: 6
model		: 60
model name	: Intel(R) Core(TM) i7-4700MQ CPU @ 2.40GHz
stepping	: 3
microcode	: 0x8
cpu MHz		: 2401.000
cache size	: 6144 KB
physical id	: 0
siblings	: 8
core id		: 2
cpu cores	: 4
apicid		: 5
initial apicid	: 5
fpu		: yes
fpu_exception	: yes
cpuid level	: 13
wp		: yes
flags		: fpu vme de pse tsc msr pae mce cx8 apic sep mtrr pge mca cmov pat pse36 clflush dts acpi mmx fxsr sse sse2 ss ht tm pbe syscall nx pdpe1gb rdtscp lm constant_tsc arch_perfmon pebs bts rep_good nopl xtopology nonstop_tsc aperfmperf eagerfpu pni pclmulqdq dtes64 monitor ds_cpl vmx est tm2 ssse3 fma cx16 xtpr pdcm pcid sse4_1 sse4_2 movbe popcnt tsc_deadline_timer aes xsave avx f16c rdrand lahf_lm abm ida arat epb xsaveopt pln pts dtherm tpr_shadow vnmi flexpriority ept vpid fsgsbase tsc_adjust bmi1 avx2 smep bmi2 erms invpcid
bogomips	: 4788.72
clflush size	: 64
cache_alignment	: 64
address sizes	: 39 bits physical, 48 bits virtual
power management:

processor	: 6
vendor_id	: GenuineIntel
cpu family	: 6
model		: 60
model name	: Intel(R) Core(TM) i7-4700MQ CPU @ 2.40GHz
stepping	: 3
microcode	: 0x8
cpu MHz		: 2401.000
cache size	: 6144 KB
physical id	: 0
siblings	: 8
core id		: 3
cpu cores	: 4
apicid		: 6
initial apicid	: 6
fpu		: yes
fpu_exception	: yes
cpuid level	: 13
wp		: yes
flags		: fpu vme de pse tsc msr pae mce cx8 apic sep mtrr pge mca cmov pat pse36 clflush dts acpi mmx fxsr sse sse2 ss ht tm pbe syscall nx pdpe1gb rdtscp lm constant_tsc arch_perfmon pebs bts rep_good nopl xtopology nonstop_tsc aperfmperf eagerfpu pni pclmulqdq dtes64 monitor ds_cpl vmx est tm2 ssse3 fma cx16 xtpr pdcm pcid sse4_1 sse4_2 movbe popcnt tsc_deadline_timer aes xsave avx f16c rdrand lahf_lm abm ida arat epb xsaveopt pln pts dtherm tpr_shadow vnmi flexpriority ept vpid fsgsbase tsc_adjust bmi1 avx2 smep bmi2 erms invpcid
bogomips	: 4788.72
clflush size	: 64
cache_alignment	: 64
address sizes	: 39 bits physical, 48 bits virtual
power management:

processor	: 7
vendor_id	: GenuineIntel
cpu family	: 6
model		: 60
model name	: Intel(R) Core(TM) i7-4700MQ CPU @ 2.40GHz
stepping	: 3
microcode	: 0x8
cpu MHz		: 1300.000
cache size	: 6144 KB
physical id	: 0
siblings	: 8
core id		: 3
cpu cores	: 4
apicid		: 7
initial apicid	: 7
fpu		: yes
fpu_exception	: yes
cpuid level	: 13
wp		: yes
flags		: fpu vme de pse tsc msr pae mce cx8 apic sep mtrr pge mca cmov pat pse36 clflush dts acpi mmx fxsr sse sse2 ss ht tm pbe syscall nx pdpe1gb rdtscp lm constant_tsc arch_perfmon pebs bts rep_good nopl xtopology nonstop_tsc aperfmperf eagerfpu pni pclmulqdq dtes64 monitor ds_cpl vmx est tm2 ssse3 fma cx16 xtpr pdcm pcid sse4_1 sse4_2 movbe popcnt tsc_deadline_timer aes xsave avx f16c rdrand lahf_lm abm ida arat epb xsaveopt pln pts dtherm tpr_shadow vnmi flexpriority ept vpid fsgsbase tsc_adjust bmi1 avx2 smep bmi2 erms invpcid
bogomips	: 4788.72
clflush size	: 64
cache_alignment	: 64
address sizes	: 39 bits physical, 48 bits virtual
power management:



Memory: 4k page, physical 12078340k(123944k free), swap 0k(0k free)

vm_info: Java HotSpot(TM) 64-Bit Server VM (24.65-b04) for linux-amd64 JRE (1.7.0_65-b17), built on Jun 16 2014 20:55:34 by "java_re" with gcc 4.3.0 20080428 (Red Hat 4.3.0-8)

time: Mon Nov 23 10:29:04 2015
elapsed time: 52 seconds

