#
# There is insufficient memory for the Java Runtime Environment to continue.
# Native memory allocation (malloc) failed to allocate 51380224 bytes for committing reserved memory.
# Possible reasons:
#   The system is out of physical RAM or swap space
#   In 32 bit mode, the process size limit was hit
# Possible solutions:
#   Reduce memory load on the system
#   Increase physical memory or swap space
#   Check if swap backing store is full
#   Use 64 bit Java on a 64 bit OS
#   Decrease Java heap size (-Xmx/-Xms)
#   Decrease number of Java threads
#   Decrease Java thread stack sizes (-Xss)
#   Set larger code cache with -XX:ReservedCodeCacheSize=
# This output file may be truncated or incomplete.
#
#  Out of Memory Error (os_linux.cpp:2745), pid=9859, tid=140645314545408
#
# JRE version: Java(TM) SE Runtime Environment (7.0_65-b17) (build 1.7.0_65-b17)
# Java VM: Java HotSpot(TM) 64-Bit Server VM (24.65-b04 mixed mode linux-amd64 compressed oops)
# Failed to write core dump. Core dumps have been disabled. To enable core dumping, try "ulimit -c unlimited" before starting Java again
#

---------------  T H R E A D  ---------------

Current thread (0x00007feaac074800):  VMThread [stack: 0x00007fea89f34000,0x00007fea8a035000] [id=9874]

Stack: [0x00007fea89f34000,0x00007fea8a035000],  sp=0x00007fea8a0331c0,  free space=1020k
Native frames: (J=compiled Java code, j=interpreted, Vv=VM code, C=native code)
V  [libjvm.so+0x99eb8a]  VMError::report_and_die()+0x2ea
V  [libjvm.so+0x49721b]  report_vm_out_of_memory(char const*, int, unsigned long, char const*)+0x9b
V  [libjvm.so+0x81d9ae]  os::Linux::commit_memory_impl(char*, unsigned long, bool)+0xfe
V  [libjvm.so+0x81def9]  os::pd_commit_memory(char*, unsigned long, unsigned long, bool)+0x29
V  [libjvm.so+0x817caa]  os::commit_memory(char*, unsigned long, unsigned long, bool)+0x2a
V  [libjvm.so+0x88a7a3]  PSVirtualSpace::expand_by(unsigned long)+0x53
V  [libjvm.so+0x88bb78]  PSYoungGen::resize_generation(unsigned long, unsigned long)+0xf8
V  [libjvm.so+0x88ace2]  PSYoungGen::resize(unsigned long, unsigned long)+0x22
V  [libjvm.so+0x888133]  PSScavenge::invoke_no_policy()+0xfb3
V  [libjvm.so+0x8888e1]  PSScavenge::invoke()+0x41
V  [libjvm.so+0x83f510]  ParallelScavengeHeap::failed_mem_allocate(unsigned long)+0x70
V  [libjvm.so+0x9a0417]  VM_ParallelGCFailedAllocation::doit()+0x97
V  [libjvm.so+0x9a78b5]  VM_Operation::evaluate()+0x55
V  [libjvm.so+0x9a5c7a]  VMThread::evaluate_operation(VM_Operation*)+0xba
V  [libjvm.so+0x9a5ffe]  VMThread::loop()+0x1ce
V  [libjvm.so+0x9a6470]  VMThread::run()+0x70
V  [libjvm.so+0x81f988]  java_start(Thread*)+0x108

VM_Operation (0x00007fea7dac20d0): ParallelGCFailedAllocation, mode: safepoint, requested by thread 0x00007feaac4a6000


---------------  P R O C E S S  ---------------

Java Threads: ( => current thread )
  0x00007feaac72a000 JavaThread "OrientDB WAL Flush Task (SQLServerTest)" daemon [_thread_blocked, id=10111, stack(0x00007fea88001000,0x00007fea88102000)]
  0x00007feaac4a6000 JavaThread "OrientDB Write Cache Flush Task (SQLServerTest)" daemon [_thread_blocked, id=9887, stack(0x00007fea7d9c3000,0x00007fea7dac4000)]
  0x00007feaac3a8800 JavaThread "Timer-1" [_thread_blocked, id=9884, stack(0x00007fea7e03f000,0x00007fea7e140000)]
  0x00007feaac30c000 JavaThread "Timer-0" daemon [_thread_blocked, id=9882, stack(0x00007fea8874b000,0x00007fea8884c000)]
  0x00007feaac0a1800 JavaThread "Service Thread" daemon [_thread_blocked, id=9880, stack(0x00007fea890da000,0x00007fea891db000)]
  0x00007feaac09f000 JavaThread "C2 CompilerThread1" daemon [_thread_blocked, id=9879, stack(0x00007fea891db000,0x00007fea892dc000)]
  0x00007feaac09c000 JavaThread "C2 CompilerThread0" daemon [_thread_blocked, id=9878, stack(0x00007fea892dc000,0x00007fea893dd000)]
  0x00007feaac09a800 JavaThread "Signal Dispatcher" daemon [_thread_blocked, id=9877, stack(0x00007fea893dd000,0x00007fea894de000)]
  0x00007feaac07a800 JavaThread "Finalizer" daemon [_thread_blocked, id=9876, stack(0x00007fea89d32000,0x00007fea89e33000)]
  0x00007feaac078800 JavaThread "Reference Handler" daemon [_thread_blocked, id=9875, stack(0x00007fea89e33000,0x00007fea89f34000)]
  0x00007feaac00c000 JavaThread "main" [_thread_blocked, id=9865, stack(0x00007feab34b1000,0x00007feab35b2000)]

Other Threads:
=>0x00007feaac074800 VMThread [stack: 0x00007fea89f34000,0x00007fea8a035000] [id=9874]
  0x00007feaac0ac000 WatcherThread [stack: 0x00007fea88fd9000,0x00007fea890da000] [id=9881]

VM state:at safepoint (normal execution)

VM Mutex/Monitor currently owned by a thread:  ([mutex/lock_event])
[0x00007feaac008200] Threads_lock - owner thread: 0x00007feaac074800
[0x00007feaac008700] Heap_lock - owner thread: 0x00007feaac4a6000

Heap
 PSYoungGen      total 945152K, used 2880K [0x00000007c2880000, 0x00000007fcf00000, 0x0000000800000000)
  eden space 933376K, 0% used [0x00000007c2880000,0x00000007c2880000,0x00000007fb800000)
  from space 11776K, 24% used [0x00000007fb800000,0x00000007fbad0000,0x00000007fc380000)
  to   space 7168K, 0% used [0x00000007fc800000,0x00000007fc800000,0x00000007fcf00000)
 ParOldGen       total 126976K, used 85981K [0x0000000747a00000, 0x000000074f600000, 0x00000007c2880000)
  object space 126976K, 67% used [0x0000000747a00000,0x000000074cdf76c0,0x000000074f600000)
 PSPermGen       total 44544K, used 22292K [0x0000000742800000, 0x0000000745380000, 0x0000000747a00000)
  object space 44544K, 50% used [0x0000000742800000,0x0000000743dc5178,0x0000000745380000)

Card table byte_map: [0x00007feab01b8000,0x00007feab07a5000] byte_map_base: 0x00007feaac7a4000

Polling page: 0x00007feab35d2000

Code Cache  [0x00007feaa9000000, 0x00007feaa9740000, 0x00007feaac000000)
 total_blobs=2589 nmethods=2181 adapters=360 free_code_cache=41847Kb largest_free_block=42757632

Compilation events (10 events):
Event: 367,958 Thread 0x00007feaac09c000 nmethod 2320 0x00007feaa9693490 code [0x00007feaa9693600, 0x00007feaa96937f8]
Event: 367,958 Thread 0x00007feaac09f000 nmethod 2321 0x00007feaa9692e90 code [0x00007feaa9693000, 0x00007feaa96931f8]
Event: 374,633 Thread 0x00007feaac09f000 2322             java.util.Formatter$FormatSpecifier::localizedMagnitude (327 bytes)
Event: 374,646 Thread 0x00007feaac09f000 nmethod 2322 0x00007feaa9511850 code [0x00007feaa9511a60, 0x00007feaa9512300]
Event: 378,361 Thread 0x00007feaac09c000 2323             com.orientechnologies.common.serialization.types.OShortSerializer::getObjectSizeInDirectMemory (2 bytes)
Event: 378,361 Thread 0x00007feaac09c000 nmethod 2323 0x00007feaa9692c90 code [0x00007feaa9692dc0, 0x00007feaa9692e18]
Event: 418,275 Thread 0x00007feaac09f000 2324             java.util.concurrent.ConcurrentSkipListMap::findNode (108 bytes)
Event: 418,302 Thread 0x00007feaac09f000 nmethod 2324 0x00007feaa9510510 code [0x00007feaa9510700, 0x00007feaa9510f28]
Event: 472,334 Thread 0x00007feaac09c000 2325             java.math.BigInteger::signInt (13 bytes)
Event: 472,351 Thread 0x00007feaac09c000 nmethod 2325 0x00007feaa9692a90 code [0x00007feaa9692bc0, 0x00007feaa9692c38]

GC Heap History (10 events):
Event: 467,056 GC heap after
Heap after GC invocations=456 (full 4):
 PSYoungGen      total 700928K, used 1334K [0x00000007c2880000, 0x00000007f0900000, 0x0000000800000000)
  eden space 689664K, 0% used [0x00000007c2880000,0x00000007c2880000,0x00000007eca00000)
  from space 11264K, 11% used [0x00000007ed480000,0x00000007ed5cd9b0,0x00000007edf80000)
  to   space 10752K, 0% used [0x00000007eca00000,0x00000007eca00000,0x00000007ed480000)
 ParOldGen       total 126976K, used 85154K [0x0000000747a00000, 0x000000074f600000, 0x00000007c2880000)
  object space 126976K, 67% used [0x0000000747a00000,0x000000074cd288a0,0x000000074f600000)
 PSPermGen       total 44544K, used 22209K [0x0000000742800000, 0x0000000745380000, 0x0000000747a00000)
  object space 44544K, 49% used [0x0000000742800000,0x0000000743db0788,0x0000000745380000)
}
Event: 468,321 GC heap before
{Heap before GC invocations=457 (full 4):
 PSYoungGen      total 700928K, used 690998K [0x00000007c2880000, 0x00000007f0900000, 0x0000000800000000)
  eden space 689664K, 100% used [0x00000007c2880000,0x00000007eca00000,0x00000007eca00000)
  from space 11264K, 11% used [0x00000007ed480000,0x00000007ed5cd9b0,0x00000007edf80000)
  to   space 10752K, 0% used [0x00000007eca00000,0x00000007eca00000,0x00000007ed480000)
 ParOldGen       total 126976K, used 85154K [0x0000000747a00000, 0x000000074f600000, 0x00000007c2880000)
  object space 126976K, 67% used [0x0000000747a00000,0x000000074cd288a0,0x000000074f600000)
 PSPermGen       total 44544K, used 22209K [0x0000000742800000, 0x0000000745380000, 0x0000000747a00000)
  object space 44544K, 49% used [0x0000000742800000,0x0000000743db0788,0x0000000745380000)
Event: 468,326 GC heap after
Heap after GC invocations=457 (full 4):
 PSYoungGen      total 700416K, used 7340K [0x00000007c2880000, 0x00000007f5780000, 0x0000000800000000)
  eden space 689664K, 0% used [0x00000007c2880000,0x00000007c2880000,0x00000007eca00000)
  from space 10752K, 68% used [0x00000007eca00000,0x00000007ed12b198,0x00000007ed480000)
  to   space 11776K, 0% used [0x00000007f4c00000,0x00000007f4c00000,0x00000007f5780000)
 ParOldGen       total 126976K, used 85264K [0x0000000747a00000, 0x000000074f600000, 0x00000007c2880000)
  object space 126976K, 67% used [0x0000000747a00000,0x000000074cd44270,0x000000074f600000)
 PSPermGen       total 44544K, used 22209K [0x0000000742800000, 0x0000000745380000, 0x0000000747a00000)
  object space 44544K, 49% used [0x0000000742800000,0x0000000743db0788,0x0000000745380000)
}
Event: 469,681 GC heap before
{Heap before GC invocations=458 (full 4):
 PSYoungGen      total 700416K, used 697004K [0x00000007c2880000, 0x00000007f5780000, 0x0000000800000000)
  eden space 689664K, 100% used [0x00000007c2880000,0x00000007eca00000,0x00000007eca00000)
  from space 10752K, 68% used [0x00000007eca00000,0x00000007ed12b198,0x00000007ed480000)
  to   space 11776K, 0% used [0x00000007f4c00000,0x00000007f4c00000,0x00000007f5780000)
 ParOldGen       total 126976K, used 85264K [0x0000000747a00000, 0x000000074f600000, 0x00000007c2880000)
  object space 126976K, 67% used [0x0000000747a00000,0x000000074cd44270,0x000000074f600000)
 PSPermGen       total 44544K, used 22250K [0x0000000742800000, 0x0000000745380000, 0x0000000747a00000)
  object space 44544K, 49% used [0x0000000742800000,0x0000000743dba978,0x0000000745380000)
Event: 469,684 GC heap after
Heap after GC invocations=458 (full 4):
 PSYoungGen      total 814592K, used 5580K [0x00000007c2880000, 0x00000007f5380000, 0x0000000800000000)
  eden space 806912K, 0% used [0x00000007c2880000,0x00000007c2880000,0x00000007f3c80000)
  from space 7680K, 72% used [0x00000007f4c00000,0x00000007f51733f8,0x00000007f5380000)
  to   space 11776K, 0% used [0x00000007f3c80000,0x00000007f3c80000,0x00000007f4800000)
 ParOldGen       total 126976K, used 85367K [0x0000000747a00000, 0x000000074f600000, 0x00000007c2880000)
  object space 126976K, 67% used [0x0000000747a00000,0x000000074cd5dcf0,0x000000074f600000)
 PSPermGen       total 44544K, used 22250K [0x0000000742800000, 0x0000000745380000, 0x0000000747a00000)
  object space 44544K, 49% used [0x0000000742800000,0x0000000743dba978,0x0000000745380000)
}
Event: 471,351 GC heap before
{Heap before GC invocations=459 (full 4):
 PSYoungGen      total 814592K, used 812492K [0x00000007c2880000, 0x00000007f5380000, 0x0000000800000000)
  eden space 806912K, 100% used [0x00000007c2880000,0x00000007f3c80000,0x00000007f3c80000)
  from space 7680K, 72% used [0x00000007f4c00000,0x00000007f51733f8,0x00000007f5380000)
  to   space 11776K, 0% used [0x00000007f3c80000,0x00000007f3c80000,0x00000007f4800000)
 ParOldGen       total 126976K, used 85367K [0x0000000747a00000, 0x000000074f600000, 0x00000007c2880000)
  object space 126976K, 67% used [0x0000000747a00000,0x000000074cd5dcf0,0x000000074f600000)
 PSPermGen       total 44544K, used 22291K [0x0000000742800000, 0x0000000745380000, 0x0000000747a00000)
  object space 44544K, 50% used [0x0000000742800000,0x0000000743dc4c48,0x0000000745380000)
Event: 471,356 GC heap after
Heap after GC invocations=459 (full 4):
 PSYoungGen      total 818688K, used 824K [0x00000007c2880000, 0x00000007fd300000, 0x0000000800000000)
  eden space 806912K, 0% used [0x00000007c2880000,0x00000007c2880000,0x00000007f3c80000)
  from space 11776K, 6% used [0x00000007f3c80000,0x00000007f3d4e0c8,0x00000007f4800000)
  to   space 11264K, 0% used [0x00000007fc800000,0x00000007fc800000,0x00000007fd300000)
 ParOldGen       total 126976K, used 85526K [0x0000000747a00000, 0x000000074f600000, 0x00000007c2880000)
  object space 126976K, 67% used [0x0000000747a00000,0x000000074cd858d0,0x000000074f600000)
 PSPermGen       total 44544K, used 22291K [0x0000000742800000, 0x0000000745380000, 0x0000000747a00000)
  object space 44544K, 50% used [0x0000000742800000,0x0000000743dc4c48,0x0000000745380000)
}
Event: 472,777 GC heap before
{Heap before GC invocations=460 (full 4):
 PSYoungGen      total 818688K, used 807736K [0x00000007c2880000, 0x00000007fd300000, 0x0000000800000000)
  eden space 806912K, 100% used [0x00000007c2880000,0x00000007f3c80000,0x00000007f3c80000)
  from space 11776K, 6% used [0x00000007f3c80000,0x00000007f3d4e0c8,0x00000007f4800000)
  to   space 11264K, 0% used [0x00000007fc800000,0x00000007fc800000,0x00000007fd300000)
 ParOldGen       total 126976K, used 85526K [0x0000000747a00000, 0x000000074f600000, 0x00000007c2880000)
  object space 126976K, 67% used [0x0000000747a00000,0x000000074cd858d0,0x000000074f600000)
 PSPermGen       total 44544K, used 22291K [0x0000000742800000, 0x0000000745380000, 0x0000000747a00000)
  object space 44544K, 50% used [0x0000000742800000,0x0000000743dc4c48,0x0000000745380000)
Event: 472,781 GC heap after
Heap after GC invocations=460 (full 4):
 PSYoungGen      total 940544K, used 5599K [0x00000007c2880000, 0x00000007fcf00000, 0x0000000800000000)
  eden space 933376K, 0% used [0x00000007c2880000,0x00000007c2880000,0x00000007fb800000)
  from space 7168K, 78% used [0x00000007fc800000,0x00000007fcd77df0,0x00000007fcf00000)
  to   space 11776K, 0% used [0x00000007fb800000,0x00000007fb800000,0x00000007fc380000)
 ParOldGen       total 126976K, used 85733K [0x0000000747a00000, 0x000000074f600000, 0x00000007c2880000)
  object space 126976K, 67% used [0x0000000747a00000,0x000000074cdb96c0,0x000000074f600000)
 PSPermGen       total 44544K, used 22291K [0x0000000742800000, 0x0000000745380000, 0x0000000747a00000)
  object space 44544K, 50% used [0x0000000742800000,0x0000000743dc4c48,0x0000000745380000)
}
Event: 474,685 GC heap before
{Heap before GC invocations=461 (full 4):
 PSYoungGen      total 940544K, used 938975K [0x00000007c2880000, 0x00000007fcf00000, 0x0000000800000000)
  eden space 933376K, 100% used [0x00000007c2880000,0x00000007fb800000,0x00000007fb800000)
  from space 7168K, 78% used [0x00000007fc800000,0x00000007fcd77df0,0x00000007fcf00000)
  to   space 11776K, 0% used [0x00000007fb800000,0x00000007fb800000,0x00000007fc380000)
 ParOldGen       total 126976K, used 85733K [0x0000000747a00000, 0x000000074f600000, 0x00000007c2880000)
  object space 126976K, 67% used [0x0000000747a00000,0x000000074cdb96c0,0x000000074f600000)
 PSPermGen       total 44544K, used 22292K [0x0000000742800000, 0x0000000745380000, 0x0000000747a00000)
  object space 44544K, 50% used [0x0000000742800000,0x0000000743dc5178,0x0000000745380000)

Deoptimization events (10 events):
Event: 198,518 Thread 0x00007feaac00c000 Uncommon trap: reason=null_check action=make_not_entrant pc=0x00007feaa9526998 method=com.microsoft.sqlserver.jdbc.SQLServerResultSet.getTimestamp(Ljava/lang/String;)Ljava/sql/Timestamp; @ 30
Event: 202,908 Thread 0x00007feaac00c000 Uncommon trap: reason=unreached action=reinterpret pc=0x00007feaa9708c2c method=com.orientechnologies.teleporter.model.graphmodel.OElementType.getAllProperties()Ljava/util/Set; @ 4
Event: 202,946 Thread 0x00007feaac00c000 Uncommon trap: reason=unreached action=reinterpret pc=0x00007feaa96a545c method=com.orientechnologies.teleporter.model.graphmodel.OElementType.getAllProperties()Ljava/util/Set; @ 4
Event: 203,010 Thread 0x00007feaac00c000 Uncommon trap: reason=unreached action=reinterpret pc=0x00007feaa96f2018 method=com.orientechnologies.orient.core.metadata.schema.OType.convert(Ljava/lang/Object;Ljava/lang/Class;)Ljava/lang/Object; @ 385
Event: 203,533 Thread 0x00007feaac00c000 Uncommon trap: reason=unreached action=reinterpret pc=0x00007feaa95c780c method=com.microsoft.sqlserver.jdbc.TDSReader.readDateTime(ILjava/util/Calendar;Lcom/microsoft/sqlserver/jdbc/JDBCType;Lcom/microsoft/sqlserver/jdbc/StreamType;)Ljava/lang/Object; @ 
Event: 206,307 Thread 0x00007feaac00c000 Uncommon trap: reason=null_check action=make_not_entrant pc=0x00007feaa9336e9c method=java.text.SimpleDateFormat.checkNegativeNumberExpression()V @ 40
Event: 209,119 Thread 0x00007feaac00c000 Uncommon trap: reason=bimorphic action=maybe_recompile pc=0x00007feaa9144bbc method=java.util.HashMap$KeySet.iterator()Ljava/util/Iterator; @ 4
Event: 214,526 Thread 0x00007feaac00c000 Uncommon trap: reason=unreached action=reinterpret pc=0x00007feaa964bda0 method=com.googlecode.concurrentlinkedhashmap.ConcurrentHashMapV8$TreeNode.findTreeNode(ILjava/lang/Object;Ljava/lang/Class;)Lcom/googlecode/concurrentlinkedhashmap/ConcurrentHashMap
Event: 361,545 Thread 0x00007feaac00c000 Uncommon trap: reason=null_check action=make_not_entrant pc=0x00007feaa90e1c5c method=java.lang.ThreadLocal$ThreadLocalMap.getEntryAfterMiss(Ljava/lang/ThreadLocal;ILjava/lang/ThreadLocal$ThreadLocalMap$Entry;)Ljava/lang/ThreadLocal$ThreadLocalMap$Entry; 
Event: 418,222 Thread 0x00007feaac00c000 Uncommon trap: reason=unreached action=reinterpret pc=0x00007feaa96ddb24 method=java.util.concurrent.ConcurrentSkipListMap.findNode(Ljava/lang/Comparable;)Ljava/util/concurrent/ConcurrentSkipListMap$Node; @ 42

Internal exceptions (10 events):
Event: 469,926 Thread 0x00007feaac00c000 Threw 0x00000007ca1780e0 at /HUDSON/workspace/7u-2-build-linux-amd64/jdk7u65/1224/hotspot/src/share/vm/prims/jvm.cpp:1244
Event: 469,926 Thread 0x00007feaac00c000 Threw 0x00000007ca17da80 at /HUDSON/workspace/7u-2-build-linux-amd64/jdk7u65/1224/hotspot/src/share/vm/prims/jvm.cpp:1244
Event: 469,926 Thread 0x00007feaac00c000 Threw 0x00000007ca182ea8 at /HUDSON/workspace/7u-2-build-linux-amd64/jdk7u65/1224/hotspot/src/share/vm/prims/jvm.cpp:1244
Event: 469,927 Thread 0x00007feaac00c000 Threw 0x00000007ca19c080 at /HUDSON/workspace/7u-2-build-linux-amd64/jdk7u65/1224/hotspot/src/share/vm/prims/jvm.cpp:1244
Event: 469,927 Thread 0x00007feaac00c000 Threw 0x00000007ca1a17e0 at /HUDSON/workspace/7u-2-build-linux-amd64/jdk7u65/1224/hotspot/src/share/vm/prims/jvm.cpp:1244
Event: 469,928 Thread 0x00007feaac00c000 Threw 0x00000007ca1bb4e8 at /HUDSON/workspace/7u-2-build-linux-amd64/jdk7u65/1224/hotspot/src/share/vm/prims/jvm.cpp:1244
Event: 469,928 Thread 0x00007feaac00c000 Threw 0x00000007ca1c10c8 at /HUDSON/workspace/7u-2-build-linux-amd64/jdk7u65/1224/hotspot/src/share/vm/prims/jvm.cpp:1244
Event: 469,928 Thread 0x00007feaac00c000 Threw 0x00000007ca1c2a68 at /HUDSON/workspace/7u-2-build-linux-amd64/jdk7u65/1224/hotspot/src/share/vm/prims/jvm.cpp:1244
Event: 469,929 Thread 0x00007feaac00c000 Threw 0x00000007ca1d0ca0 at /HUDSON/workspace/7u-2-build-linux-amd64/jdk7u65/1224/hotspot/src/share/vm/prims/jvm.cpp:1244
Event: 469,929 Thread 0x00007feaac00c000 Threw 0x00000007ca1d5f30 at /HUDSON/workspace/7u-2-build-linux-amd64/jdk7u65/1224/hotspot/src/share/vm/prims/jvm.cpp:1244

Events (10 events):
Event: 469,928 loading class 0x00007feaac61e040 done
Event: 469,929 loading class 0x00007feaac395cb0
Event: 469,929 loading class 0x00007feaac395cb0 done
Event: 471,351 Executing VM operation: ParallelGCFailedAllocation
Event: 471,356 Executing VM operation: ParallelGCFailedAllocation done
Event: 472,169 Thread 0x00007feaac72a000 Thread exited: 0x00007feaac72a000
Event: 472,169 Thread 0x00007feaac72a000 Thread added: 0x00007feaac72a000
Event: 472,777 Executing VM operation: ParallelGCFailedAllocation
Event: 472,781 Executing VM operation: ParallelGCFailedAllocation done
Event: 474,685 Executing VM operation: ParallelGCFailedAllocation


Dynamic libraries:
00400000-00401000 r-xp 00000000 08:03 666868                             /usr/lib/jvm/java-7-oracle/bin/java
00600000-00601000 rw-p 00000000 08:03 666868                             /usr/lib/jvm/java-7-oracle/bin/java
0165f000-01680000 rw-p 00000000 00:00 0                                  [heap]
742800000-745380000 rw-p 00000000 00:00 0 
745380000-745680000 ---p 00000000 00:00 0 
745680000-747a00000 rw-p 00000000 00:00 0 
747a00000-74f600000 rw-p 00000000 00:00 0 
74f600000-750f00000 ---p 00000000 00:00 0 
750f00000-7c2880000 rw-p 00000000 00:00 0 
7c2880000-7fcf00000 rw-p 00000000 00:00 0 
7fe990000000-7fe9923f3000 rw-p 00000000 00:00 0 
7fe9923f3000-7fe994000000 ---p 00000000 00:00 0 
7fe998000000-7fe99bff5000 rw-p 00000000 00:00 0 
7fe99bff5000-7fe99c000000 ---p 00000000 00:00 0 
7fe9a0000000-7fe9a3ff5000 rw-p 00000000 00:00 0 
7fe9a3ff5000-7fe9a4000000 ---p 00000000 00:00 0 
7fe9a8000000-7fe9abff5000 rw-p 00000000 00:00 0 
7fe9abff5000-7fe9ac000000 ---p 00000000 00:00 0 
7fe9b0000000-7fe9b3ff5000 rw-p 00000000 00:00 0 
7fe9b3ff5000-7fe9b4000000 ---p 00000000 00:00 0 
7fe9b8000000-7fe9bbff6000 rw-p 00000000 00:00 0 
7fe9bbff6000-7fe9bc000000 ---p 00000000 00:00 0 
7fe9c0000000-7fe9c3ff9000 rw-p 00000000 00:00 0 
7fe9c3ff9000-7fe9c4000000 ---p 00000000 00:00 0 
7fe9c8000000-7fe9cbff9000 rw-p 00000000 00:00 0 
7fe9cbff9000-7fe9cc000000 ---p 00000000 00:00 0 
7fe9d0000000-7fe9d3ff9000 rw-p 00000000 00:00 0 
7fe9d3ff9000-7fe9d4000000 ---p 00000000 00:00 0 
7fe9d8000000-7fe9dbff9000 rw-p 00000000 00:00 0 
7fe9dbff9000-7fe9dc000000 ---p 00000000 00:00 0 
7fe9e0000000-7fe9e3ff9000 rw-p 00000000 00:00 0 
7fe9e3ff9000-7fe9e4000000 ---p 00000000 00:00 0 
7fe9e8000000-7fe9ebff9000 rw-p 00000000 00:00 0 
7fe9ebff9000-7fe9ec000000 ---p 00000000 00:00 0 
7fe9f0000000-7fe9f3ff9000 rw-p 00000000 00:00 0 
7fe9f3ff9000-7fe9f4000000 ---p 00000000 00:00 0 
7fe9f8000000-7fe9fbff9000 rw-p 00000000 00:00 0 
7fe9fbff9000-7fe9fc000000 ---p 00000000 00:00 0 
7fea00000000-7fea03ff9000 rw-p 00000000 00:00 0 
7fea03ff9000-7fea04000000 ---p 00000000 00:00 0 
7fea08000000-7fea0bff9000 rw-p 00000000 00:00 0 
7fea0bff9000-7fea0c000000 ---p 00000000 00:00 0 
7fea10000000-7fea13ff9000 rw-p 00000000 00:00 0 
7fea13ff9000-7fea14000000 ---p 00000000 00:00 0 
7fea18000000-7fea1bff9000 rw-p 00000000 00:00 0 
7fea1bff9000-7fea1c000000 ---p 00000000 00:00 0 
7fea20000000-7fea23ff9000 rw-p 00000000 00:00 0 
7fea23ff9000-7fea24000000 ---p 00000000 00:00 0 
7fea28000000-7fea2bff9000 rw-p 00000000 00:00 0 
7fea2bff9000-7fea2c000000 ---p 00000000 00:00 0 
7fea30000000-7fea33ff9000 rw-p 00000000 00:00 0 
7fea33ff9000-7fea34000000 ---p 00000000 00:00 0 
7fea38000000-7fea3bff9000 rw-p 00000000 00:00 0 
7fea3bff9000-7fea3c000000 ---p 00000000 00:00 0 
7fea40000000-7fea43ff9000 rw-p 00000000 00:00 0 
7fea43ff9000-7fea44000000 ---p 00000000 00:00 0 
7fea48000000-7fea48031000 rw-p 00000000 00:00 0 
7fea48031000-7fea4c000000 ---p 00000000 00:00 0 
7fea4c000000-7fea4c26e000 rw-p 00000000 00:00 0 
7fea4c26e000-7fea50000000 ---p 00000000 00:00 0 
7fea50000000-7fea50023000 rw-p 00000000 00:00 0 
7fea50023000-7fea54000000 ---p 00000000 00:00 0 
7fea54000000-7fea54021000 rw-p 00000000 00:00 0 
7fea54021000-7fea58000000 ---p 00000000 00:00 0 
7fea58000000-7fea58021000 rw-p 00000000 00:00 0 
7fea58021000-7fea5c000000 ---p 00000000 00:00 0 
7fea5c000000-7fea5c021000 rw-p 00000000 00:00 0 
7fea5c021000-7fea60000000 ---p 00000000 00:00 0 
7fea60000000-7fea6216d000 rw-p 00000000 00:00 0 
7fea6216d000-7fea64000000 ---p 00000000 00:00 0 
7fea64000000-7fea64021000 rw-p 00000000 00:00 0 
7fea64021000-7fea68000000 ---p 00000000 00:00 0 
7fea68000000-7fea68021000 rw-p 00000000 00:00 0 
7fea68021000-7fea6c000000 ---p 00000000 00:00 0 
7fea6c000000-7fea6d8a2000 rw-p 00000000 00:00 0 
7fea6d8a2000-7fea70000000 ---p 00000000 00:00 0 
7fea70000000-7fea70021000 rw-p 00000000 00:00 0 
7fea70021000-7fea74000000 ---p 00000000 00:00 0 
7fea74000000-7fea74021000 rw-p 00000000 00:00 0 
7fea74021000-7fea78000000 ---p 00000000 00:00 0 
7fea78000000-7fea78251000 rw-p 00000000 00:00 0 
7fea78251000-7fea7c000000 ---p 00000000 00:00 0 
7fea7d9a0000-7fea7d9c3000 r--p 00000000 08:03 1062459                    /usr/share/locale-langpack/it/LC_MESSAGES/libc.mo
7fea7d9c3000-7fea7d9c6000 ---p 00000000 00:00 0 
7fea7d9c6000-7fea7dac4000 rw-p 00000000 00:00 0                          [stack:9887]
7fea7dac4000-7fea7dac7000 ---p 00000000 00:00 0 
7fea7dac7000-7fea7dbc5000 rw-p 00000000 00:00 0 
7fea7dbc5000-7fea7dbdb000 r-xp 00000000 08:03 527468                     /lib/x86_64-linux-gnu/libgcc_s.so.1
7fea7dbdb000-7fea7ddda000 ---p 00016000 08:03 527468                     /lib/x86_64-linux-gnu/libgcc_s.so.1
7fea7ddda000-7fea7dddb000 rw-p 00015000 08:03 527468                     /lib/x86_64-linux-gnu/libgcc_s.so.1
7fea7ddf8000-7fea7de2a000 r-xp 00000000 08:03 667493                     /usr/lib/jvm/java-7-oracle/jre/lib/amd64/libsunec.so
7fea7de2a000-7fea7e029000 ---p 00032000 08:03 667493                     /usr/lib/jvm/java-7-oracle/jre/lib/amd64/libsunec.so
7fea7e029000-7fea7e02f000 rw-p 00031000 08:03 667493                     /usr/lib/jvm/java-7-oracle/jre/lib/amd64/libsunec.so
7fea7e02f000-7fea7e03f000 rw-p 00000000 00:00 0 
7fea7e03f000-7fea7e042000 ---p 00000000 00:00 0 
7fea7e042000-7fea84000000 rw-p 00000000 00:00 0                          [stack:9884]
7fea84000000-7fea84021000 rw-p 00000000 00:00 0 
7fea84021000-7fea88000000 ---p 00000000 00:00 0 
7fea88001000-7fea88004000 ---p 00000000 00:00 0 
7fea88004000-7fea88102000 rw-p 00000000 00:00 0                          [stack:10111]
7fea88102000-7fea88119000 r-xp 00000000 08:03 524176                     /lib/x86_64-linux-gnu/libresolv-2.19.so
7fea88119000-7fea88319000 ---p 00017000 08:03 524176                     /lib/x86_64-linux-gnu/libresolv-2.19.so
7fea88319000-7fea8831a000 r--p 00017000 08:03 524176                     /lib/x86_64-linux-gnu/libresolv-2.19.so
7fea8831a000-7fea8831b000 rw-p 00018000 08:03 524176                     /lib/x86_64-linux-gnu/libresolv-2.19.so
7fea8831b000-7fea8831d000 rw-p 00000000 00:00 0 
7fea8831d000-7fea88322000 r-xp 00000000 08:03 524180                     /lib/x86_64-linux-gnu/libnss_dns-2.19.so
7fea88322000-7fea88521000 ---p 00005000 08:03 524180                     /lib/x86_64-linux-gnu/libnss_dns-2.19.so
7fea88521000-7fea88522000 r--p 00004000 08:03 524180                     /lib/x86_64-linux-gnu/libnss_dns-2.19.so
7fea88522000-7fea88523000 rw-p 00005000 08:03 524180                     /lib/x86_64-linux-gnu/libnss_dns-2.19.so
7fea88523000-7fea88525000 r-xp 00000000 08:03 527617                     /lib/x86_64-linux-gnu/libnss_mdns4_minimal.so.2
7fea88525000-7fea88724000 ---p 00002000 08:03 527617                     /lib/x86_64-linux-gnu/libnss_mdns4_minimal.so.2
7fea88724000-7fea88725000 r--p 00001000 08:03 527617                     /lib/x86_64-linux-gnu/libnss_mdns4_minimal.so.2
7fea88725000-7fea88726000 rw-p 00002000 08:03 527617                     /lib/x86_64-linux-gnu/libnss_mdns4_minimal.so.2
7fea8872c000-7fea8872d000 rw-p 00000000 00:00 0 
7fea8872d000-7fea88734000 r--s 00000000 08:03 946926                     /usr/lib/x86_64-linux-gnu/gconv/gconv-modules.cache
7fea88734000-7fea88738000 r--s 0002d000 08:03 667619                     /usr/lib/jvm/java-7-oracle/jre/lib/ext/sunjce_provider.jar
7fea88738000-7fea88739000 r--s 00003000 08:03 667617                     /usr/lib/jvm/java-7-oracle/jre/lib/ext/sunec.jar
7fea88739000-7fea8873c000 r--s 00037000 08:03 667613                     /usr/lib/jvm/java-7-oracle/jre/lib/ext/sunpkcs11.jar
7fea8873c000-7fea8873e000 r--s 00019000 08:03 667459                     /usr/lib/jvm/java-7-oracle/jre/lib/jce.jar
7fea8873e000-7fea88743000 r--s 0006d000 08:03 1442283                    /home/gabriele/github/teleporter-master/lib/sqljdbc4-2.0.jar
7fea88743000-7fea88747000 r--s 000f7000 08:03 667616                     /usr/lib/jvm/java-7-oracle/jre/lib/ext/localedata.jar
7fea88747000-7fea8874b000 r--s 0008a000 08:03 667369                     /usr/lib/jvm/java-7-oracle/jre/lib/jsse.jar
7fea8874b000-7fea8874e000 ---p 00000000 00:00 0 
7fea8874e000-7fea8884c000 rw-p 00000000 00:00 0                          [stack:9882]
7fea8884c000-7fea88862000 r-xp 00000000 08:03 667470                     /usr/lib/jvm/java-7-oracle/jre/lib/amd64/libnet.so
7fea88862000-7fea88a62000 ---p 00016000 08:03 667470                     /usr/lib/jvm/java-7-oracle/jre/lib/amd64/libnet.so
7fea88a62000-7fea88a63000 rw-p 00016000 08:03 667470                     /usr/lib/jvm/java-7-oracle/jre/lib/amd64/libnet.so
7fea88a63000-7fea88a73000 r-xp 00000000 08:03 667508                     /usr/lib/jvm/java-7-oracle/jre/lib/amd64/libnio.so
7fea88a73000-7fea88c73000 ---p 00010000 08:03 667508                     /usr/lib/jvm/java-7-oracle/jre/lib/amd64/libnio.so
7fea88c73000-7fea88c74000 rw-p 00010000 08:03 667508                     /usr/lib/jvm/java-7-oracle/jre/lib/amd64/libnio.so
7fea88c74000-7fea88c76000 r--s 00014000 08:03 1595885                    /home/gabriele/.m2/repository/jline/jline/0.9.94/jline-0.9.94.jar
7fea88c76000-7fea88c79000 r--s 00018000 08:03 1595884                    /home/gabriele/.m2/repository/org/fusesource/jansi/jansi/1.5/jansi-1.5.jar
7fea88c79000-7fea88c7a000 r--s 00004000 08:03 1595883                    /home/gabriele/.m2/repository/org/apache/ant/ant-launcher/1.8.3/ant-launcher-1.8.3.jar
7fea88c7a000-7fea88c98000 r--s 001bc000 08:03 1595882                    /home/gabriele/.m2/repository/org/apache/ant/ant/1.8.3/ant-1.8.3.jar
7fea88c98000-7fea88c9a000 r--s 00004000 08:03 1595881                    /home/gabriele/.m2/repository/asm/asm-tree/3.2/asm-tree-3.2.jar
7fea88c9a000-7fea88c9b000 r--s 00004000 08:03 1595880                    /home/gabriele/.m2/repository/asm/asm-analysis/3.2/asm-analysis-3.2.jar
7fea88c9b000-7fea88c9c000 r--s 00008000 08:03 1595879                    /home/gabriele/.m2/repository/asm/asm-util/3.2/asm-util-3.2.jar
7fea88c9c000-7fea88c9e000 r--s 00007000 08:03 1595878                    /home/gabriele/.m2/repository/asm/asm-commons/3.2/asm-commons-3.2.jar
7fea88c9e000-7fea88c9f000 r--s 0000a000 08:03 1595877                    /home/gabriele/.m2/repository/asm/asm/3.2/asm-3.2.jar
7fea88c9f000-7fea88ca4000 r--s 00068000 08:03 1595876                    /home/gabriele/.m2/repository/antlr/antlr/2.7.7/antlr-2.7.7.jar
7fea88ca4000-7fea88cfa000 r--s 00502000 08:03 393790                     /home/gabriele/.m2/repository/org/codehaus/groovy/groovy/1.8.9/groovy-1.8.9.jar
7fea88cfa000-7fea88d0f000 r--s 00116000 08:03 1595875                    /home/gabriele/.m2/repository/org/apache/ivy/ivy/2.3.0/ivy-2.3.0.jar
7fea88d0f000-7fea88d13000 r--s 00026000 08:03 393980                     /home/gabriele/.m2/repository/com/tinkerpop/gremlin/gremlin-groovy/2.6.0/gremlin-groovy-2.6.0.jar
7fea88d13000-7fea88d17000 r--s 00021000 08:03 393979                     /home/gabriele/.m2/repository/com/tinkerpop/pipes/2.6.0/pipes-2.6.0.jar
7fea88d17000-7fea88d19000 r--s 0000d000 08:03 395507                     /home/gabriele/.m2/repository/commons-logging/commons-logging/1.1.1/commons-logging-1.1.1.jar
7fea88d19000-7fea88d1d000 r--s 0002f000 08:03 395506                     /home/gabriele/.m2/repository/commons-beanutils/commons-beanutils-core/1.8.0/commons-beanutils-core-1.8.0.jar
7fea88d1d000-7fea88d22000 r--s 0002a000 08:03 395505                     /home/gabriele/.m2/repository/commons-beanutils/commons-beanutils/1.7.0/commons-beanutils-1.7.0.jar
7fea88d22000-7fea88d26000 r--s 00020000 08:03 395503                     /home/gabriele/.m2/repository/commons-digester/commons-digester/1.8/commons-digester-1.8.jar
7fea88d26000-7fea88d2a000 r--s 0003c000 08:03 395502                     /home/gabriele/.m2/repository/commons-lang/commons-lang/2.4/commons-lang-2.4.jar
7fea88d2a000-7fea88d30000 r--s 00043000 08:03 395500                     /home/gabriele/.m2/repository/commons-configuration/commons-configuration/1.6/commons-configuration-1.6.jar
7fea88d30000-7fea88d49000 r--s 00127000 08:03 393977                     /home/gabriele/.m2/repository/com/carrotsearch/hppc/0.6.0/hppc-0.6.0.jar
7fea88d49000-7fea88d4d000 r--s 0002c000 08:03 393976                     /home/gabriele/.m2/repository/com/fasterxml/jackson/core/jackson-core/2.2.3/jackson-core-2.2.3.jar
7fea88d4d000-7fea88d50000 r--s 00006000 08:03 393975                     /home/gabriele/.m2/repository/com/fasterxml/jackson/core/jackson-annotations/2.2.3/jackson-annotations-2.2.3.jar
7fea88d50000-7fea88d61000 r--s 000c3000 08:03 393974                     /home/gabriele/.m2/repository/com/fasterxml/jackson/core/jackson-databind/2.2.3/jackson-databind-2.2.3.jar
7fea88d61000-7fea88d63000 r--s 00005000 08:03 395489                     /home/gabriele/.m2/repository/stax/stax-api/1.0.1/stax-api-1.0.1.jar
7fea88d63000-7fea88d65000 r--s 00012000 08:03 395486                     /home/gabriele/.m2/repository/org/codehaus/jettison/jettison/1.3.3/jettison-1.3.3.jar
7fea88d65000-7fea88d6c000 r--s 0003c000 08:03 393973                     /home/gabriele/.m2/repository/com/tinkerpop/blueprints/blueprints-core/2.6.0/blueprints-core-2.6.0.jar
7fea88d6c000-7fea88d79000 r--s 00083000 08:03 398156                     /home/gabriele/.m2/repository/commons-collections/commons-collections/3.2.2/commons-collections-3.2.2.jar
7fea88d79000-7fea88d82000 r--s 00098000 08:03 1602048                    /home/gabriele/.m2/repository/org/javassist/javassist/3.16.1-GA/javassist-3.16.1-GA.jar
7fea88d82000-7fea88d87000 r--s 00014000 08:03 1602047                    /home/gabriele/.m2/repository/org/hibernate/javax/persistence/hibernate-jpa-2.0-api/1.0.0.Final/hibernate-jpa-2.0-api-1.0.0.Final.jar
7fea88d87000-7fea88d8a000 r--s 0002b000 08:03 398154                     /home/gabriele/.m2/repository/com/orientechnologies/orientdb-object/2.1.6/orientdb-object-2.1.6.jar
7fea88d8a000-7fea88d94000 r--s 00251000 08:03 667677                     /usr/lib/jvm/java-7-oracle/jre/lib/resources.jar
7fea88d94000-7fea88d9c000 r-xp 00000000 08:03 667467                     /usr/lib/jvm/java-7-oracle/jre/lib/amd64/libmanagement.so
7fea88d9c000-7fea88f9b000 ---p 00008000 08:03 667467                     /usr/lib/jvm/java-7-oracle/jre/lib/amd64/libmanagement.so
7fea88f9b000-7fea88f9c000 rw-p 00007000 08:03 667467                     /usr/lib/jvm/java-7-oracle/jre/lib/amd64/libmanagement.so
7fea88f9c000-7fea88fa6000 r--s 00079000 08:03 398146                     /home/gabriele/.m2/repository/com/orientechnologies/orientdb-server/2.1.6/orientdb-server-2.1.6.jar
7fea88fa6000-7fea88fd9000 r--s 002bd000 08:03 398142                     /home/gabriele/.m2/repository/com/orientechnologies/orientdb-core/2.1.6/orientdb-core-2.1.6.jar
7fea88fd9000-7fea88fda000 ---p 00000000 00:00 0 
7fea88fda000-7fea890da000 rw-p 00000000 00:00 0                          [stack:9881]
7fea890da000-7fea890dd000 ---p 00000000 00:00 0 
7fea890dd000-7fea891db000 rw-p 00000000 00:00 0                          [stack:9880]
7fea891db000-7fea891de000 ---p 00000000 00:00 0 
7fea891de000-7fea892dc000 rw-p 00000000 00:00 0                          [stack:9879]
7fea892dc000-7fea892df000 ---p 00000000 00:00 0 
7fea892df000-7fea893dd000 rw-p 00000000 00:00 0                          [stack:9878]
7fea893dd000-7fea893e0000 ---p 00000000 00:00 0 
7fea893e0000-7fea894de000 rw-p 00000000 00:00 0                          [stack:9877]
7fea894de000-7fea89d32000 r--p 00000000 08:03 656579                     /usr/lib/locale/locale-archive
7fea89d32000-7fea89d35000 ---p 00000000 00:00 0 
7fea89d35000-7fea89e33000 rw-p 00000000 00:00 0                          [stack:9876]
7fea89e33000-7fea89e36000 ---p 00000000 00:00 0 
7fea89e36000-7fea89f34000 rw-p 00000000 00:00 0                          [stack:9875]
7fea89f34000-7fea89f35000 ---p 00000000 00:00 0 
7fea89f35000-7fea8c000000 rw-p 00000000 00:00 0                          [stack:9874]
7fea8c000000-7fea8c021000 rw-p 00000000 00:00 0 
7fea8c021000-7fea90000000 ---p 00000000 00:00 0 
7fea90000000-7fea90021000 rw-p 00000000 00:00 0 
7fea90021000-7fea94000000 ---p 00000000 00:00 0 
7fea94000000-7fea9402d000 rw-p 00000000 00:00 0 
7fea9402d000-7fea98000000 ---p 00000000 00:00 0 
7fea98000000-7fea98021000 rw-p 00000000 00:00 0 
7fea98021000-7fea9c000000 ---p 00000000 00:00 0 
7fea9c000000-7fea9c021000 rw-p 00000000 00:00 0 
7fea9c021000-7feaa0000000 ---p 00000000 00:00 0 
7feaa0000000-7feaa0021000 rw-p 00000000 00:00 0 
7feaa0021000-7feaa4000000 ---p 00000000 00:00 0 
7feaa4000000-7feaa4021000 rw-p 00000000 00:00 0 
7feaa4021000-7feaa8000000 ---p 00000000 00:00 0 
7feaa8000000-7feaa8002000 r--s 0000e000 08:03 1602046                    /home/gabriele/.m2/repository/javax/activation/activation/1.1/activation-1.1.jar
7feaa8002000-7feaa8291000 rw-p 00000000 00:00 0 
7feaa8291000-7feaa8450000 r--s 039e5000 08:03 667410                     /usr/lib/jvm/java-7-oracle/jre/lib/rt.jar
7feaa8450000-7feaa8521000 rw-p 00000000 00:00 0 
7feaa8521000-7feaa8522000 ---p 00000000 00:00 0 
7feaa8522000-7feaa8622000 rw-p 00000000 00:00 0                          [stack:9873]
7feaa8622000-7feaa8623000 ---p 00000000 00:00 0 
7feaa8623000-7feaa8723000 rw-p 00000000 00:00 0                          [stack:9872]
7feaa8723000-7feaa8724000 ---p 00000000 00:00 0 
7feaa8724000-7feaa8824000 rw-p 00000000 00:00 0                          [stack:9871]
7feaa8824000-7feaa8825000 ---p 00000000 00:00 0 
7feaa8825000-7feaa8925000 rw-p 00000000 00:00 0                          [stack:9870]
7feaa8925000-7feaa8926000 ---p 00000000 00:00 0 
7feaa8926000-7feaa8a26000 rw-p 00000000 00:00 0                          [stack:9869]
7feaa8a26000-7feaa8a27000 ---p 00000000 00:00 0 
7feaa8a27000-7feaa8b27000 rw-p 00000000 00:00 0                          [stack:9868]
7feaa8b27000-7feaa8b28000 ---p 00000000 00:00 0 
7feaa8b28000-7feaa8c66000 rw-p 00000000 00:00 0                          [stack:9867]
7feaa8c66000-7feaa8c73000 ---p 00000000 00:00 0 
7feaa8c73000-7feaa9000000 rw-p 00000000 00:00 0 
7feaa9000000-7feaa9740000 rwxp 00000000 00:00 0 
7feaa9740000-7feaaffff000 rw-p 00000000 00:00 0 
7feaaffff000-7feab0000000 ---p 00000000 00:00 0 
7feab0000000-7feab0001000 r--s 00005000 08:03 393978                     /home/gabriele/.m2/repository/com/tinkerpop/gremlin/gremlin-java/2.6.0/gremlin-java-2.6.0.jar
7feab0001000-7feab0007000 r--s 00059000 08:03 1602045                    /home/gabriele/.m2/repository/javax/mail/mail/1.4/mail-1.4.jar
7feab0007000-7feab0009000 r--s 00008000 08:03 398150                     /home/gabriele/.m2/repository/com/orientechnologies/orientdb-enterprise/2.1.6/orientdb-enterprise-2.1.6.jar
7feab0009000-7feab008e000 rw-p 00000000 00:00 0 
7feab008e000-7feab008f000 ---p 00000000 00:00 0 
7feab008f000-7feab01a5000 rw-p 00000000 00:00 0                          [stack:9866]
7feab01a5000-7feab01a7000 ---p 00000000 00:00 0 
7feab01a7000-7feab01b8000 rw-p 00000000 00:00 0 
7feab01b8000-7feab01ce000 rw-p 00000000 00:00 0 
7feab01ce000-7feab01d0000 ---p 00000000 00:00 0 
7feab01d0000-7feab01e1000 rw-p 00000000 00:00 0 
7feab01e1000-7feab021f000 rw-p 00000000 00:00 0 
7feab021f000-7feab022c000 ---p 00000000 00:00 0 
7feab022c000-7feab05b8000 rw-p 00000000 00:00 0 
7feab05b8000-7feab078c000 rw-p 00000000 00:00 0 
7feab078c000-7feab07a4000 ---p 00000000 00:00 0 
7feab07a4000-7feab07a5000 rw-p 00000000 00:00 0 
7feab07a5000-7feab07bf000 r-xp 00000000 08:03 667468                     /usr/lib/jvm/java-7-oracle/jre/lib/amd64/libzip.so
7feab07bf000-7feab09bf000 ---p 0001a000 08:03 667468                     /usr/lib/jvm/java-7-oracle/jre/lib/amd64/libzip.so
7feab09bf000-7feab09c0000 rw-p 0001a000 08:03 667468                     /usr/lib/jvm/java-7-oracle/jre/lib/amd64/libzip.so
7feab09c0000-7feab09cb000 r-xp 00000000 08:03 524178                     /lib/x86_64-linux-gnu/libnss_files-2.19.so
7feab09cb000-7feab0bca000 ---p 0000b000 08:03 524178                     /lib/x86_64-linux-gnu/libnss_files-2.19.so
7feab0bca000-7feab0bcb000 r--p 0000a000 08:03 524178                     /lib/x86_64-linux-gnu/libnss_files-2.19.so
7feab0bcb000-7feab0bcc000 rw-p 0000b000 08:03 524178                     /lib/x86_64-linux-gnu/libnss_files-2.19.so
7feab0bcc000-7feab0bd7000 r-xp 00000000 08:03 527427                     /lib/x86_64-linux-gnu/libnss_nis-2.19.so
7feab0bd7000-7feab0dd6000 ---p 0000b000 08:03 527427                     /lib/x86_64-linux-gnu/libnss_nis-2.19.so
7feab0dd6000-7feab0dd7000 r--p 0000a000 08:03 527427                     /lib/x86_64-linux-gnu/libnss_nis-2.19.so
7feab0dd7000-7feab0dd8000 rw-p 0000b000 08:03 527427                     /lib/x86_64-linux-gnu/libnss_nis-2.19.so
7feab0dd8000-7feab0def000 r-xp 00000000 08:03 524188                     /lib/x86_64-linux-gnu/libnsl-2.19.so
7feab0def000-7feab0fee000 ---p 00017000 08:03 524188                     /lib/x86_64-linux-gnu/libnsl-2.19.so
7feab0fee000-7feab0fef000 r--p 00016000 08:03 524188                     /lib/x86_64-linux-gnu/libnsl-2.19.so
7feab0fef000-7feab0ff0000 rw-p 00017000 08:03 524188                     /lib/x86_64-linux-gnu/libnsl-2.19.so
7feab0ff0000-7feab0ff2000 rw-p 00000000 00:00 0 
7feab0ff2000-7feab0ffb000 r-xp 00000000 08:03 524187                     /lib/x86_64-linux-gnu/libnss_compat-2.19.so
7feab0ffb000-7feab11fa000 ---p 00009000 08:03 524187                     /lib/x86_64-linux-gnu/libnss_compat-2.19.so
7feab11fa000-7feab11fb000 r--p 00008000 08:03 524187                     /lib/x86_64-linux-gnu/libnss_compat-2.19.so
7feab11fb000-7feab11fc000 rw-p 00009000 08:03 524187                     /lib/x86_64-linux-gnu/libnss_compat-2.19.so
7feab11fc000-7feab1225000 r-xp 00000000 08:03 667469                     /usr/lib/jvm/java-7-oracle/jre/lib/amd64/libjava.so
7feab1225000-7feab1425000 ---p 00029000 08:03 667469                     /usr/lib/jvm/java-7-oracle/jre/lib/amd64/libjava.so
7feab1425000-7feab1427000 rw-p 00029000 08:03 667469                     /usr/lib/jvm/java-7-oracle/jre/lib/amd64/libjava.so
7feab1427000-7feab1434000 r-xp 00000000 08:03 667507                     /usr/lib/jvm/java-7-oracle/jre/lib/amd64/libverify.so
7feab1434000-7feab1633000 ---p 0000d000 08:03 667507                     /usr/lib/jvm/java-7-oracle/jre/lib/amd64/libverify.so
7feab1633000-7feab1635000 rw-p 0000c000 08:03 667507                     /usr/lib/jvm/java-7-oracle/jre/lib/amd64/libverify.so
7feab1635000-7feab163c000 r-xp 00000000 08:03 527424                     /lib/x86_64-linux-gnu/librt-2.19.so
7feab163c000-7feab183b000 ---p 00007000 08:03 527424                     /lib/x86_64-linux-gnu/librt-2.19.so
7feab183b000-7feab183c000 r--p 00006000 08:03 527424                     /lib/x86_64-linux-gnu/librt-2.19.so
7feab183c000-7feab183d000 rw-p 00007000 08:03 527424                     /lib/x86_64-linux-gnu/librt-2.19.so
7feab183d000-7feab1942000 r-xp 00000000 08:03 524177                     /lib/x86_64-linux-gnu/libm-2.19.so
7feab1942000-7feab1b41000 ---p 00105000 08:03 524177                     /lib/x86_64-linux-gnu/libm-2.19.so
7feab1b41000-7feab1b42000 r--p 00104000 08:03 524177                     /lib/x86_64-linux-gnu/libm-2.19.so
7feab1b42000-7feab1b43000 rw-p 00105000 08:03 524177                     /lib/x86_64-linux-gnu/libm-2.19.so
7feab1b43000-7feab26b3000 r-xp 00000000 08:03 667473                     /usr/lib/jvm/java-7-oracle/jre/lib/amd64/server/libjvm.so
7feab26b3000-7feab28b2000 ---p 00b70000 08:03 667473                     /usr/lib/jvm/java-7-oracle/jre/lib/amd64/server/libjvm.so
7feab28b2000-7feab2977000 rw-p 00b6f000 08:03 667473                     /usr/lib/jvm/java-7-oracle/jre/lib/amd64/server/libjvm.so
7feab2977000-7feab29b7000 rw-p 00000000 00:00 0 
7feab29b7000-7feab2b72000 r-xp 00000000 08:03 527397                     /lib/x86_64-linux-gnu/libc-2.19.so
7feab2b72000-7feab2d71000 ---p 001bb000 08:03 527397                     /lib/x86_64-linux-gnu/libc-2.19.so
7feab2d71000-7feab2d75000 r--p 001ba000 08:03 527397                     /lib/x86_64-linux-gnu/libc-2.19.so
7feab2d75000-7feab2d77000 rw-p 001be000 08:03 527397                     /lib/x86_64-linux-gnu/libc-2.19.so
7feab2d77000-7feab2d7c000 rw-p 00000000 00:00 0 
7feab2d7c000-7feab2d7f000 r-xp 00000000 08:03 524181                     /lib/x86_64-linux-gnu/libdl-2.19.so
7feab2d7f000-7feab2f7e000 ---p 00003000 08:03 524181                     /lib/x86_64-linux-gnu/libdl-2.19.so
7feab2f7e000-7feab2f7f000 r--p 00002000 08:03 524181                     /lib/x86_64-linux-gnu/libdl-2.19.so
7feab2f7f000-7feab2f80000 rw-p 00003000 08:03 524181                     /lib/x86_64-linux-gnu/libdl-2.19.so
7feab2f80000-7feab2f96000 r-xp 00000000 08:03 658308                     /usr/lib/jvm/java-7-oracle/lib/amd64/jli/libjli.so
7feab2f96000-7feab3196000 ---p 00016000 08:03 658308                     /usr/lib/jvm/java-7-oracle/lib/amd64/jli/libjli.so
7feab3196000-7feab3197000 rw-p 00016000 08:03 658308                     /usr/lib/jvm/java-7-oracle/lib/amd64/jli/libjli.so
7feab3197000-7feab31b0000 r-xp 00000000 08:03 527400                     /lib/x86_64-linux-gnu/libpthread-2.19.so
7feab31b0000-7feab33af000 ---p 00019000 08:03 527400                     /lib/x86_64-linux-gnu/libpthread-2.19.so
7feab33af000-7feab33b0000 r--p 00018000 08:03 527400                     /lib/x86_64-linux-gnu/libpthread-2.19.so
7feab33b0000-7feab33b1000 rw-p 00019000 08:03 527400                     /lib/x86_64-linux-gnu/libpthread-2.19.so
7feab33b1000-7feab33b5000 rw-p 00000000 00:00 0 
7feab33b5000-7feab33d8000 r-xp 00000000 08:03 527356                     /lib/x86_64-linux-gnu/ld-2.19.so
7feab33d8000-7feab33d9000 r--s 0000c000 08:03 398152                     /home/gabriele/.m2/repository/com/orientechnologies/orientdb-tools/2.1.6/orientdb-tools-2.1.6.jar
7feab33d9000-7feab33de000 r--s 00039000 08:03 398144                     /home/gabriele/.m2/repository/com/orientechnologies/orientdb-graphdb/2.1.6/orientdb-graphdb-2.1.6.jar
7feab33de000-7feab33ed000 r--s 0011b000 08:03 393972                     /home/gabriele/.m2/repository/net/java/dev/jna/jna-platform/4.0.0/jna-platform-4.0.0.jar
7feab33ed000-7feab33f1000 r--s 000dc000 08:03 393971                     /home/gabriele/.m2/repository/net/java/dev/jna/jna/4.0.0/jna-4.0.0.jar
7feab33f1000-7feab340e000 rw-p 00000000 00:00 0 
7feab340e000-7feab34b1000 rw-p 00000000 00:00 0 
7feab34b1000-7feab34b4000 ---p 00000000 00:00 0 
7feab34b4000-7feab35b6000 rw-p 00000000 00:00 0                          [stack:9865]
7feab35b6000-7feab35b8000 r--s 00012000 08:03 398148                     /home/gabriele/.m2/repository/com/orientechnologies/orientdb-client/2.1.6/orientdb-client-2.1.6.jar
7feab35b8000-7feab35bc000 r--s 00019000 08:03 393970                     /home/gabriele/.m2/repository/com/googlecode/concurrentlinkedhashmap/concurrentlinkedhashmap-lru/1.4.1/concurrentlinkedhashmap-lru-1.4.1.jar
7feab35bc000-7feab35bf000 r--s 00067000 08:03 1602049                    /home/gabriele/.m2/repository/org/xerial/snappy/snappy-java/1.1.0.1/snappy-java-1.1.0.1.jar
7feab35bf000-7feab35c1000 r--s 0000c000 08:03 677679                     /opt/eclipse/plugins/org.hamcrest.core_1.3.0.v201303031735.jar
7feab35c1000-7feab35c9000 r--s 00045000 08:03 677325                     /opt/eclipse/plugins/org.junit_4.12.0.v201504281640/junit.jar
7feab35c9000-7feab35d1000 rw-s 00000000 08:03 523556                     /tmp/hsperfdata_gabriele/9859
7feab35d1000-7feab35d2000 rw-p 00000000 00:00 0 
7feab35d2000-7feab35d3000 ---p 00000000 00:00 0 
7feab35d3000-7feab35d5000 rw-p 00000000 00:00 0 
7feab35d5000-7feab35d7000 r-xp 00000000 00:00 0                          [vdso]
7feab35d7000-7feab35d8000 r--p 00022000 08:03 527356                     /lib/x86_64-linux-gnu/ld-2.19.so
7feab35d8000-7feab35d9000 rw-p 00023000 08:03 527356                     /lib/x86_64-linux-gnu/ld-2.19.so
7feab35d9000-7feab35da000 rw-p 00000000 00:00 0 
7fffcb1db000-7fffcb1fe000 rw-p 00000000 00:00 0                          [stack]
ffffffffff600000-ffffffffff601000 r-xp 00000000 00:00 0                  [vsyscall]

VM Arguments:
jvm_args: -Dfile.encoding=UTF-8 
java_command: com.orientechnologies.teleporter.main.OTeleporter -jdriver SQLServer -jurl jdbc:sqlserver://10.0.1.12:1433;databaseName={Adventure Works2014}; -juser user -jpasswd user -ourl plocal:/home/gabriele/orientdb-community-2.2.0-SNAPSHOT/databases/SQLServerTest -s naive -nr java -exclude trace_xe_action_map,trace_xe_event_map
Launcher Type: SUN_STANDARD

Environment Variables:
JAVA_HOME=/usr/lib/jvm/java-7-oracle
PATH=/home/gabriele/bin:/usr/local/sbin:/usr/local/bin:/usr/sbin:/usr/bin:/sbin:/bin:/usr/games:/usr/local/games:/home/gabriele/netkit/bin:/usr/lib/jvm/java-7-oracle/bin:/home/gabriele/tomcat6/bin:/home/gabriele/mongodb/bin:/home/gabriele/hadoop-0.20.2/bin:/home/gabriele/bin
SHELL=/bin/bash
DISPLAY=:0

Signal Handlers:
SIGSEGV: [libjvm.so+0x99f4a0], sa_mask[0]=0x7ffbfeff, sa_flags=0x10000004
SIGBUS: [libjvm.so+0x99f4a0], sa_mask[0]=0x7ffbfeff, sa_flags=0x10000004
SIGFPE: [libjvm.so+0x81a860], sa_mask[0]=0x7ffbfeff, sa_flags=0x10000004
SIGPIPE: [libjvm.so+0x81a860], sa_mask[0]=0x7ffbfeff, sa_flags=0x10000004
SIGXFSZ: [libjvm.so+0x81a860], sa_mask[0]=0x7ffbfeff, sa_flags=0x10000004
SIGILL: [libjvm.so+0x81a860], sa_mask[0]=0x7ffbfeff, sa_flags=0x10000004
SIGUSR1: SIG_DFL, sa_mask[0]=0x00000000, sa_flags=0x00000000
SIGUSR2: [libjvm.so+0x81c060], sa_mask[0]=0x00000004, sa_flags=0x10000004
SIGHUP: [libjvm.so+0x81d160], sa_mask[0]=0x7ffbfeff, sa_flags=0x10000004
SIGINT: [libjvm.so+0x81d160], sa_mask[0]=0x7ffbfeff, sa_flags=0x10000004
SIGTERM: [libjvm.so+0x81d160], sa_mask[0]=0x7ffbfeff, sa_flags=0x10000004
SIGQUIT: [libjvm.so+0x81d160], sa_mask[0]=0x7ffbfeff, sa_flags=0x10000004


---------------  S Y S T E M  ---------------

OS:jessie/sid

uname:Linux 3.13.0-46-generic #79-Ubuntu SMP Tue Mar 10 20:06:50 UTC 2015 x86_64
libc:glibc 2.19 NPTL 2.19 
rlimit: STACK 8192k, CORE 0k, NPROC 94118, NOFILE 4096, AS infinity
load average:6,21 4,32 2,87

/proc/meminfo:
MemTotal:       12078340 kB
MemFree:          157920 kB
Buffers:            1400 kB
Cached:            73472 kB
SwapCached:            0 kB
Active:          7272888 kB
Inactive:          60432 kB
Active(anon):    7264516 kB
Inactive(anon):    52520 kB
Active(file):       8372 kB
Inactive(file):     7912 kB
Unevictable:          80 kB
Mlocked:              80 kB
SwapTotal:             0 kB
SwapFree:              0 kB
Dirty:                64 kB
Writeback:          1292 kB
AnonPages:       7257124 kB
Mapped:          4347688 kB
Shmem:             59792 kB
Slab:             114884 kB
SReclaimable:      31336 kB
SUnreclaim:        83548 kB
KernelStack:        6992 kB
PageTables:        76332 kB
NFS_Unstable:          0 kB
Bounce:                0 kB
WritebackTmp:          0 kB
CommitLimit:     6039168 kB
Committed_AS:   16953056 kB
VmallocTotal:   34359738367 kB
VmallocUsed:      303796 kB
VmallocChunk:   34359413740 kB
HardwareCorrupted:     0 kB
AnonHugePages:   3647488 kB
HugePages_Total:       0
HugePages_Free:        0
HugePages_Rsvd:        0
HugePages_Surp:        0
Hugepagesize:       2048 kB
DirectMap4k:       94720 kB
DirectMap2M:     3870720 kB
DirectMap1G:     8388608 kB


CPU:total 8 (4 cores per cpu, 2 threads per core) family 6 model 60 stepping 3, cmov, cx8, fxsr, mmx, sse, sse2, sse3, ssse3, sse4.1, sse4.2, popcnt, avx, avx2, aes, erms, ht, tsc, tscinvbit

/proc/cpuinfo:
processor	: 0
vendor_id	: GenuineIntel
cpu family	: 6
model		: 60
model name	: Intel(R) Core(TM) i7-4700MQ CPU @ 2.40GHz
stepping	: 3
microcode	: 0x8
cpu MHz		: 2401.000
cache size	: 6144 KB
physical id	: 0
siblings	: 8
core id		: 0
cpu cores	: 4
apicid		: 0
initial apicid	: 0
fpu		: yes
fpu_exception	: yes
cpuid level	: 13
wp		: yes
flags		: fpu vme de pse tsc msr pae mce cx8 apic sep mtrr pge mca cmov pat pse36 clflush dts acpi mmx fxsr sse sse2 ss ht tm pbe syscall nx pdpe1gb rdtscp lm constant_tsc arch_perfmon pebs bts rep_good nopl xtopology nonstop_tsc aperfmperf eagerfpu pni pclmulqdq dtes64 monitor ds_cpl vmx est tm2 ssse3 fma cx16 xtpr pdcm pcid sse4_1 sse4_2 movbe popcnt tsc_deadline_timer aes xsave avx f16c rdrand lahf_lm abm ida arat epb xsaveopt pln pts dtherm tpr_shadow vnmi flexpriority ept vpid fsgsbase tsc_adjust bmi1 avx2 smep bmi2 erms invpcid
bogomips	: 4788.81
clflush size	: 64
cache_alignment	: 64
address sizes	: 39 bits physical, 48 bits virtual
power management:

processor	: 1
vendor_id	: GenuineIntel
cpu family	: 6
model		: 60
model name	: Intel(R) Core(TM) i7-4700MQ CPU @ 2.40GHz
stepping	: 3
microcode	: 0x8
cpu MHz		: 800.000
cache size	: 6144 KB
physical id	: 0
siblings	: 8
core id		: 0
cpu cores	: 4
apicid		: 1
initial apicid	: 1
fpu		: yes
fpu_exception	: yes
cpuid level	: 13
wp		: yes
flags		: fpu vme de pse tsc msr pae mce cx8 apic sep mtrr pge mca cmov pat pse36 clflush dts acpi mmx fxsr sse sse2 ss ht tm pbe syscall nx pdpe1gb rdtscp lm constant_tsc arch_perfmon pebs bts rep_good nopl xtopology nonstop_tsc aperfmperf eagerfpu pni pclmulqdq dtes64 monitor ds_cpl vmx est tm2 ssse3 fma cx16 xtpr pdcm pcid sse4_1 sse4_2 movbe popcnt tsc_deadline_timer aes xsave avx f16c rdrand lahf_lm abm ida arat epb xsaveopt pln pts dtherm tpr_shadow vnmi flexpriority ept vpid fsgsbase tsc_adjust bmi1 avx2 smep bmi2 erms invpcid
bogomips	: 4788.81
clflush size	: 64
cache_alignment	: 64
address sizes	: 39 bits physical, 48 bits virtual
power management:

processor	: 2
vendor_id	: GenuineIntel
cpu family	: 6
model		: 60
model name	: Intel(R) Core(TM) i7-4700MQ CPU @ 2.40GHz
stepping	: 3
microcode	: 0x8
cpu MHz		: 2100.000
cache size	: 6144 KB
physical id	: 0
siblings	: 8
core id		: 1
cpu cores	: 4
apicid		: 2
initial apicid	: 2
fpu		: yes
fpu_exception	: yes
cpuid level	: 13
wp		: yes
flags		: fpu vme de pse tsc msr pae mce cx8 apic sep mtrr pge mca cmov pat pse36 clflush dts acpi mmx fxsr sse sse2 ss ht tm pbe syscall nx pdpe1gb rdtscp lm constant_tsc arch_perfmon pebs bts rep_good nopl xtopology nonstop_tsc aperfmperf eagerfpu pni pclmulqdq dtes64 monitor ds_cpl vmx est tm2 ssse3 fma cx16 xtpr pdcm pcid sse4_1 sse4_2 movbe popcnt tsc_deadline_timer aes xsave avx f16c rdrand lahf_lm abm ida arat epb xsaveopt pln pts dtherm tpr_shadow vnmi flexpriority ept vpid fsgsbase tsc_adjust bmi1 avx2 smep bmi2 erms invpcid
bogomips	: 4788.81
clflush size	: 64
cache_alignment	: 64
address sizes	: 39 bits physical, 48 bits virtual
power management:

processor	: 3
vendor_id	: GenuineIntel
cpu family	: 6
model		: 60
model name	: Intel(R) Core(TM) i7-4700MQ CPU @ 2.40GHz
stepping	: 3
microcode	: 0x8
cpu MHz		: 2401.000
cache size	: 6144 KB
physical id	: 0
siblings	: 8
core id		: 1
cpu cores	: 4
apicid		: 3
initial apicid	: 3
fpu		: yes
fpu_exception	: yes
cpuid level	: 13
wp		: yes
flags		: fpu vme de pse tsc msr pae mce cx8 apic sep mtrr pge mca cmov pat pse36 clflush dts acpi mmx fxsr sse sse2 ss ht tm pbe syscall nx pdpe1gb rdtscp lm constant_tsc arch_perfmon pebs bts rep_good nopl xtopology nonstop_tsc aperfmperf eagerfpu pni pclmulqdq dtes64 monitor ds_cpl vmx est tm2 ssse3 fma cx16 xtpr pdcm pcid sse4_1 sse4_2 movbe popcnt tsc_deadline_timer aes xsave avx f16c rdrand lahf_lm abm ida arat epb xsaveopt pln pts dtherm tpr_shadow vnmi flexpriority ept vpid fsgsbase tsc_adjust bmi1 avx2 smep bmi2 erms invpcid
bogomips	: 4788.81
clflush size	: 64
cache_alignment	: 64
address sizes	: 39 bits physical, 48 bits virtual
power management:

processor	: 4
vendor_id	: GenuineIntel
cpu family	: 6
model		: 60
model name	: Intel(R) Core(TM) i7-4700MQ CPU @ 2.40GHz
stepping	: 3
microcode	: 0x8
cpu MHz		: 1700.000
cache size	: 6144 KB
physical id	: 0
siblings	: 8
core id		: 2
cpu cores	: 4
apicid		: 4
initial apicid	: 4
fpu		: yes
fpu_exception	: yes
cpuid level	: 13
wp		: yes
flags		: fpu vme de pse tsc msr pae mce cx8 apic sep mtrr pge mca cmov pat pse36 clflush dts acpi mmx fxsr sse sse2 ss ht tm pbe syscall nx pdpe1gb rdtscp lm constant_tsc arch_perfmon pebs bts rep_good nopl xtopology nonstop_tsc aperfmperf eagerfpu pni pclmulqdq dtes64 monitor ds_cpl vmx est tm2 ssse3 fma cx16 xtpr pdcm pcid sse4_1 sse4_2 movbe popcnt tsc_deadline_timer aes xsave avx f16c rdrand lahf_lm abm ida arat epb xsaveopt pln pts dtherm tpr_shadow vnmi flexpriority ept vpid fsgsbase tsc_adjust bmi1 avx2 smep bmi2 erms invpcid
bogomips	: 4788.81
clflush size	: 64
cache_alignment	: 64
address sizes	: 39 bits physical, 48 bits virtual
power management:

processor	: 5
vendor_id	: GenuineIntel
cpu family	: 6
model		: 60
model name	: Intel(R) Core(TM) i7-4700MQ CPU @ 2.40GHz
stepping	: 3
microcode	: 0x8
cpu MHz		: 2401.000
cache size	: 6144 KB
physical id	: 0
siblings	: 8
core id		: 2
cpu cores	: 4
apicid		: 5
initial apicid	: 5
fpu		: yes
fpu_exception	: yes
cpuid level	: 13
wp		: yes
flags		: fpu vme de pse tsc msr pae mce cx8 apic sep mtrr pge mca cmov pat pse36 clflush dts acpi mmx fxsr sse sse2 ss ht tm pbe syscall nx pdpe1gb rdtscp lm constant_tsc arch_perfmon pebs bts rep_good nopl xtopology nonstop_tsc aperfmperf eagerfpu pni pclmulqdq dtes64 monitor ds_cpl vmx est tm2 ssse3 fma cx16 xtpr pdcm pcid sse4_1 sse4_2 movbe popcnt tsc_deadline_timer aes xsave avx f16c rdrand lahf_lm abm ida arat epb xsaveopt pln pts dtherm tpr_shadow vnmi flexpriority ept vpid fsgsbase tsc_adjust bmi1 avx2 smep bmi2 erms invpcid
bogomips	: 4788.81
clflush size	: 64
cache_alignment	: 64
address sizes	: 39 bits physical, 48 bits virtual
power management:

processor	: 6
vendor_id	: GenuineIntel
cpu family	: 6
model		: 60
model name	: Intel(R) Core(TM) i7-4700MQ CPU @ 2.40GHz
stepping	: 3
microcode	: 0x8
cpu MHz		: 2401.000
cache size	: 6144 KB
physical id	: 0
siblings	: 8
core id		: 3
cpu cores	: 4
apicid		: 6
initial apicid	: 6
fpu		: yes
fpu_exception	: yes
cpuid level	: 13
wp		: yes
flags		: fpu vme de pse tsc msr pae mce cx8 apic sep mtrr pge mca cmov pat pse36 clflush dts acpi mmx fxsr sse sse2 ss ht tm pbe syscall nx pdpe1gb rdtscp lm constant_tsc arch_perfmon pebs bts rep_good nopl xtopology nonstop_tsc aperfmperf eagerfpu pni pclmulqdq dtes64 monitor ds_cpl vmx est tm2 ssse3 fma cx16 xtpr pdcm pcid sse4_1 sse4_2 movbe popcnt tsc_deadline_timer aes xsave avx f16c rdrand lahf_lm abm ida arat epb xsaveopt pln pts dtherm tpr_shadow vnmi flexpriority ept vpid fsgsbase tsc_adjust bmi1 avx2 smep bmi2 erms invpcid
bogomips	: 4788.81
clflush size	: 64
cache_alignment	: 64
address sizes	: 39 bits physical, 48 bits virtual
power management:

processor	: 7
vendor_id	: GenuineIntel
cpu family	: 6
model		: 60
model name	: Intel(R) Core(TM) i7-4700MQ CPU @ 2.40GHz
stepping	: 3
microcode	: 0x8
cpu MHz		: 800.000
cache size	: 6144 KB
physical id	: 0
siblings	: 8
core id		: 3
cpu cores	: 4
apicid		: 7
initial apicid	: 7
fpu		: yes
fpu_exception	: yes
cpuid level	: 13
wp		: yes
flags		: fpu vme de pse tsc msr pae mce cx8 apic sep mtrr pge mca cmov pat pse36 clflush dts acpi mmx fxsr sse sse2 ss ht tm pbe syscall nx pdpe1gb rdtscp lm constant_tsc arch_perfmon pebs bts rep_good nopl xtopology nonstop_tsc aperfmperf eagerfpu pni pclmulqdq dtes64 monitor ds_cpl vmx est tm2 ssse3 fma cx16 xtpr pdcm pcid sse4_1 sse4_2 movbe popcnt tsc_deadline_timer aes xsave avx f16c rdrand lahf_lm abm ida arat epb xsaveopt pln pts dtherm tpr_shadow vnmi flexpriority ept vpid fsgsbase tsc_adjust bmi1 avx2 smep bmi2 erms invpcid
bogomips	: 4788.81
clflush size	: 64
cache_alignment	: 64
address sizes	: 39 bits physical, 48 bits virtual
power management:



Memory: 4k page, physical 12078340k(157920k free), swap 0k(0k free)

vm_info: Java HotSpot(TM) 64-Bit Server VM (24.65-b04) for linux-amd64 JRE (1.7.0_65-b17), built on Jun 16 2014 20:55:34 by "java_re" with gcc 4.3.0 20080428 (Red Hat 4.3.0-8)

time: Fri Dec 11 12:52:56 2015
elapsed time: 474 seconds

